mode: set
github.com/dyaksa/warehouse/main.go:43.13,86.12 21 0
github.com/dyaksa/warehouse/main.go:86.12,89.3 2 0
github.com/dyaksa/warehouse/main.go:91.2,100.12 4 0
github.com/dyaksa/warehouse/main.go:100.12,102.80 2 0
github.com/dyaksa/warehouse/main.go:102.80,104.4 1 0
github.com/dyaksa/warehouse/main.go:107.2,119.45 10 0
github.com/dyaksa/warehouse/main.go:119.45,121.3 1 0
github.com/dyaksa/warehouse/main.go:123.2,123.26 1 0
github.com/dyaksa/warehouse/api/middleware/jwt_auth_middleware.go:12.55,13.30 1 0
github.com/dyaksa/warehouse/api/middleware/jwt_auth_middleware.go:13.30,16.18 3 0
github.com/dyaksa/warehouse/api/middleware/jwt_auth_middleware.go:16.18,19.18 3 0
github.com/dyaksa/warehouse/api/middleware/jwt_auth_middleware.go:19.18,21.19 2 0
github.com/dyaksa/warehouse/api/middleware/jwt_auth_middleware.go:21.19,25.6 3 0
github.com/dyaksa/warehouse/api/middleware/jwt_auth_middleware.go:26.5,28.11 3 0
github.com/dyaksa/warehouse/api/middleware/jwt_auth_middleware.go:30.4,32.10 3 0
github.com/dyaksa/warehouse/api/middleware/jwt_auth_middleware.go:34.3,35.12 2 0
github.com/dyaksa/warehouse/api/middleware/ratelimit_middleware.go:13.39,15.2 1 0
github.com/dyaksa/warehouse/api/middleware/ratelimit_middleware.go:17.58,22.2 4 0
github.com/dyaksa/warehouse/api/middleware/ratelimit_middleware.go:24.60,28.2 3 0
github.com/dyaksa/warehouse/api/middleware/ratelimit_middleware.go:30.55,37.32 2 0
github.com/dyaksa/warehouse/api/middleware/ratelimit_middleware.go:37.32,42.22 4 0
github.com/dyaksa/warehouse/api/middleware/ratelimit_middleware.go:42.22,44.4 1 0
github.com/dyaksa/warehouse/api/middleware/ratelimit_middleware.go:46.3,46.23 1 0
github.com/dyaksa/warehouse/api/middleware/ratelimit_middleware.go:46.23,49.4 2 0
github.com/dyaksa/warehouse/api/middleware/ratelimit_middleware.go:49.9,51.4 1 0
github.com/dyaksa/warehouse/api/middleware/ratelimit_middleware.go:55.41,60.2 1 0
github.com/dyaksa/warehouse/api/middleware/ratelimit_middleware.go:63.89,68.2 1 0
github.com/dyaksa/warehouse/api/controller/auth_controller.go:26.52,29.51 2 0
github.com/dyaksa/warehouse/api/controller/auth_controller.go:29.51,32.3 2 0
github.com/dyaksa/warehouse/api/controller/auth_controller.go:34.2,35.16 2 0
github.com/dyaksa/warehouse/api/controller/auth_controller.go:35.16,38.3 2 0
github.com/dyaksa/warehouse/api/controller/auth_controller.go:40.2,40.105 1 0
github.com/dyaksa/warehouse/api/controller/auth_controller.go:55.49,58.51 2 0
github.com/dyaksa/warehouse/api/controller/auth_controller.go:58.51,61.3 2 0
github.com/dyaksa/warehouse/api/controller/auth_controller.go:63.2,64.16 2 0
github.com/dyaksa/warehouse/api/controller/auth_controller.go:64.16,67.3 2 0
github.com/dyaksa/warehouse/api/controller/auth_controller.go:69.2,69.123 1 0
github.com/dyaksa/warehouse/api/controller/order_controller.go:18.53,22.48 3 0
github.com/dyaksa/warehouse/api/controller/order_controller.go:22.48,26.3 3 0
github.com/dyaksa/warehouse/api/controller/order_controller.go:28.2,29.16 2 0
github.com/dyaksa/warehouse/api/controller/order_controller.go:29.16,33.3 3 0
github.com/dyaksa/warehouse/api/controller/order_controller.go:35.2,35.107 1 0
github.com/dyaksa/warehouse/api/controller/order_controller.go:39.59,42.16 3 0
github.com/dyaksa/warehouse/api/controller/order_controller.go:42.16,45.3 2 0
github.com/dyaksa/warehouse/api/controller/order_controller.go:47.2,48.16 2 0
github.com/dyaksa/warehouse/api/controller/order_controller.go:48.16,51.3 2 0
github.com/dyaksa/warehouse/api/controller/order_controller.go:53.2,53.102 1 0
github.com/dyaksa/warehouse/api/controller/order_controller.go:57.56,60.16 3 0
github.com/dyaksa/warehouse/api/controller/order_controller.go:60.16,63.3 2 0
github.com/dyaksa/warehouse/api/controller/order_controller.go:65.2,66.16 2 0
github.com/dyaksa/warehouse/api/controller/order_controller.go:66.16,69.3 2 0
github.com/dyaksa/warehouse/api/controller/order_controller.go:71.2,71.100 1 0
github.com/dyaksa/warehouse/api/controller/order_controller.go:75.60,78.16 3 0
github.com/dyaksa/warehouse/api/controller/order_controller.go:78.16,81.3 2 0
github.com/dyaksa/warehouse/api/controller/order_controller.go:83.2,84.16 2 0
github.com/dyaksa/warehouse/api/controller/order_controller.go:84.16,87.3 2 0
github.com/dyaksa/warehouse/api/controller/order_controller.go:89.2,89.120 1 0
github.com/dyaksa/warehouse/api/controller/order_controller.go:93.58,97.16 3 0
github.com/dyaksa/warehouse/api/controller/order_controller.go:97.16,100.3 2 0
github.com/dyaksa/warehouse/api/controller/order_controller.go:103.2,104.55 2 0
github.com/dyaksa/warehouse/api/controller/order_controller.go:104.55,107.3 2 0
github.com/dyaksa/warehouse/api/controller/order_controller.go:110.2,111.16 2 0
github.com/dyaksa/warehouse/api/controller/order_controller.go:111.16,114.3 2 0
github.com/dyaksa/warehouse/api/controller/order_controller.go:116.2,116.114 1 0
github.com/dyaksa/warehouse/api/controller/product_controller.go:29.53,32.48 2 0
github.com/dyaksa/warehouse/api/controller/product_controller.go:32.48,36.3 3 0
github.com/dyaksa/warehouse/api/controller/product_controller.go:38.2,38.76 1 0
github.com/dyaksa/warehouse/api/controller/product_controller.go:38.76,42.3 3 0
github.com/dyaksa/warehouse/api/controller/product_controller.go:44.2,44.100 1 0
github.com/dyaksa/warehouse/api/controller/product_controller.go:61.58,64.55 2 0
github.com/dyaksa/warehouse/api/controller/product_controller.go:64.55,68.3 3 0
github.com/dyaksa/warehouse/api/controller/product_controller.go:70.2,72.16 2 0
github.com/dyaksa/warehouse/api/controller/product_controller.go:72.16,76.3 3 0
github.com/dyaksa/warehouse/api/controller/product_controller.go:78.2,78.110 1 0
github.com/dyaksa/warehouse/api/controller/shop_controller.go:16.50,19.48 2 0
github.com/dyaksa/warehouse/api/controller/shop_controller.go:19.48,23.3 3 0
github.com/dyaksa/warehouse/api/controller/shop_controller.go:25.2,25.73 1 0
github.com/dyaksa/warehouse/api/controller/shop_controller.go:25.73,29.3 3 0
github.com/dyaksa/warehouse/api/controller/shop_controller.go:31.2,31.96 1 0
github.com/dyaksa/warehouse/api/controller/shop_controller.go:34.52,36.50 2 0
github.com/dyaksa/warehouse/api/controller/shop_controller.go:36.50,40.3 3 0
github.com/dyaksa/warehouse/api/controller/shop_controller.go:42.2,43.16 2 0
github.com/dyaksa/warehouse/api/controller/shop_controller.go:43.16,47.3 3 0
github.com/dyaksa/warehouse/api/controller/shop_controller.go:49.2,49.86 1 0
github.com/dyaksa/warehouse/api/controller/shop_controller.go:52.50,54.44 2 0
github.com/dyaksa/warehouse/api/controller/shop_controller.go:54.44,58.3 3 0
github.com/dyaksa/warehouse/api/controller/shop_controller.go:60.2,60.73 1 0
github.com/dyaksa/warehouse/api/controller/shop_controller.go:60.73,64.3 3 0
github.com/dyaksa/warehouse/api/controller/shop_controller.go:66.2,66.91 1 0
github.com/dyaksa/warehouse/api/controller/shop_controller.go:69.50,71.50 2 0
github.com/dyaksa/warehouse/api/controller/shop_controller.go:71.50,75.3 3 0
github.com/dyaksa/warehouse/api/controller/shop_controller.go:77.2,77.77 1 0
github.com/dyaksa/warehouse/api/controller/shop_controller.go:77.77,81.3 3 0
github.com/dyaksa/warehouse/api/controller/shop_controller.go:83.2,83.91 1 0
github.com/dyaksa/warehouse/api/controller/stock_release_controller.go:15.103,19.2 1 0
github.com/dyaksa/warehouse/api/controller/stock_release_controller.go:22.66,24.16 2 0
github.com/dyaksa/warehouse/api/controller/stock_release_controller.go:24.16,30.3 2 0
github.com/dyaksa/warehouse/api/controller/stock_release_controller.go:32.2,35.22 1 0
github.com/dyaksa/warehouse/api/controller/stock_release_controller.go:39.59,47.2 1 0
github.com/dyaksa/warehouse/api/controller/warehouse_controller.go:29.54,32.48 2 0
github.com/dyaksa/warehouse/api/controller/warehouse_controller.go:32.48,36.3 3 0
github.com/dyaksa/warehouse/api/controller/warehouse_controller.go:38.2,38.77 1 0
github.com/dyaksa/warehouse/api/controller/warehouse_controller.go:38.77,42.3 3 0
github.com/dyaksa/warehouse/api/controller/warehouse_controller.go:44.2,44.101 1 0
github.com/dyaksa/warehouse/api/controller/warehouse_controller.go:60.56,63.16 3 0
github.com/dyaksa/warehouse/api/controller/warehouse_controller.go:63.16,67.3 3 0
github.com/dyaksa/warehouse/api/controller/warehouse_controller.go:69.2,70.16 2 0
github.com/dyaksa/warehouse/api/controller/warehouse_controller.go:70.16,74.3 3 0
github.com/dyaksa/warehouse/api/controller/warehouse_controller.go:76.2,76.120 1 0
github.com/dyaksa/warehouse/api/controller/warehouse_controller.go:93.54,96.16 3 0
github.com/dyaksa/warehouse/api/controller/warehouse_controller.go:96.16,100.3 3 0
github.com/dyaksa/warehouse/api/controller/warehouse_controller.go:102.2,103.48 2 0
github.com/dyaksa/warehouse/api/controller/warehouse_controller.go:103.48,107.3 3 0
github.com/dyaksa/warehouse/api/controller/warehouse_controller.go:109.2,109.90 1 0
github.com/dyaksa/warehouse/api/controller/warehouse_controller.go:109.90,113.3 3 0
github.com/dyaksa/warehouse/api/controller/warehouse_controller.go:115.2,115.102 1 0
github.com/dyaksa/warehouse/api/controller/warehouse_controller.go:131.54,134.16 3 0
github.com/dyaksa/warehouse/api/controller/warehouse_controller.go:134.16,138.3 3 0
github.com/dyaksa/warehouse/api/controller/warehouse_controller.go:140.2,140.84 1 0
github.com/dyaksa/warehouse/api/controller/warehouse_controller.go:140.84,144.3 3 0
github.com/dyaksa/warehouse/api/controller/warehouse_controller.go:146.2,146.102 1 0
github.com/dyaksa/warehouse/api/controller/warehouse_controller.go:163.57,166.16 3 0
github.com/dyaksa/warehouse/api/controller/warehouse_controller.go:166.16,170.3 3 0
github.com/dyaksa/warehouse/api/controller/warehouse_controller.go:172.2,176.47 2 0
github.com/dyaksa/warehouse/api/controller/warehouse_controller.go:176.47,180.3 3 0
github.com/dyaksa/warehouse/api/controller/warehouse_controller.go:182.2,182.101 1 0
github.com/dyaksa/warehouse/api/controller/warehouse_controller.go:182.101,186.3 3 0
github.com/dyaksa/warehouse/api/controller/warehouse_controller.go:188.2,188.109 1 0
github.com/dyaksa/warehouse/api/controller/warehouse_controller.go:203.57,206.16 3 0
github.com/dyaksa/warehouse/api/controller/warehouse_controller.go:206.16,210.3 3 0
github.com/dyaksa/warehouse/api/controller/warehouse_controller.go:212.2,213.16 2 0
github.com/dyaksa/warehouse/api/controller/warehouse_controller.go:213.16,217.3 3 0
github.com/dyaksa/warehouse/api/controller/warehouse_controller.go:219.2,219.122 1 0
github.com/dyaksa/warehouse/api/controller/warehouse_transfer_controller.go:30.72,33.47 2 0
github.com/dyaksa/warehouse/api/controller/warehouse_transfer_controller.go:33.47,37.3 3 0
github.com/dyaksa/warehouse/api/controller/warehouse_transfer_controller.go:39.2,40.16 2 0
github.com/dyaksa/warehouse/api/controller/warehouse_transfer_controller.go:40.16,44.3 3 0
github.com/dyaksa/warehouse/api/controller/warehouse_transfer_controller.go:46.2,46.121 1 0
github.com/dyaksa/warehouse/api/controller/warehouse_transfer_controller.go:62.69,65.16 3 0
github.com/dyaksa/warehouse/api/controller/warehouse_transfer_controller.go:65.16,69.3 3 0
github.com/dyaksa/warehouse/api/controller/warehouse_transfer_controller.go:71.2,72.16 2 0
github.com/dyaksa/warehouse/api/controller/warehouse_transfer_controller.go:72.16,76.3 3 0
github.com/dyaksa/warehouse/api/controller/warehouse_transfer_controller.go:78.2,78.118 1 0
github.com/dyaksa/warehouse/api/controller/warehouse_transfer_controller.go:95.78,98.16 3 0
github.com/dyaksa/warehouse/api/controller/warehouse_transfer_controller.go:98.16,102.3 3 0
github.com/dyaksa/warehouse/api/controller/warehouse_transfer_controller.go:104.2,105.47 2 0
github.com/dyaksa/warehouse/api/controller/warehouse_transfer_controller.go:105.47,109.3 3 0
github.com/dyaksa/warehouse/api/controller/warehouse_transfer_controller.go:111.2,112.16 2 0
github.com/dyaksa/warehouse/api/controller/warehouse_transfer_controller.go:112.16,116.3 3 0
github.com/dyaksa/warehouse/api/controller/warehouse_transfer_controller.go:118.2,118.108 1 0
github.com/dyaksa/warehouse/api/controller/warehouse_transfer_controller.go:135.81,138.16 3 0
github.com/dyaksa/warehouse/api/controller/warehouse_transfer_controller.go:138.16,142.3 3 0
github.com/dyaksa/warehouse/api/controller/warehouse_transfer_controller.go:145.2,149.30 4 0
github.com/dyaksa/warehouse/api/controller/warehouse_transfer_controller.go:149.30,151.3 1 0
github.com/dyaksa/warehouse/api/controller/warehouse_transfer_controller.go:153.2,154.30 2 0
github.com/dyaksa/warehouse/api/controller/warehouse_transfer_controller.go:154.30,156.3 1 0
github.com/dyaksa/warehouse/api/controller/warehouse_transfer_controller.go:158.2,159.16 2 0
github.com/dyaksa/warehouse/api/controller/warehouse_transfer_controller.go:159.16,163.3 3 0
github.com/dyaksa/warehouse/api/controller/warehouse_transfer_controller.go:165.2,172.117 2 0
github.com/dyaksa/warehouse/api/controller/warehouse_transfer_controller.go:188.73,191.16 3 0
github.com/dyaksa/warehouse/api/controller/warehouse_transfer_controller.go:191.16,195.3 3 0
github.com/dyaksa/warehouse/api/controller/warehouse_transfer_controller.go:197.2,198.16 2 0
github.com/dyaksa/warehouse/api/controller/warehouse_transfer_controller.go:198.16,202.3 3 0
github.com/dyaksa/warehouse/api/controller/warehouse_transfer_controller.go:204.2,204.102 1 0
github.com/dyaksa/warehouse/api/route/auth_route.go:16.139,27.2 6 0
github.com/dyaksa/warehouse/api/route/order_route.go:17.140,46.2 15 0
github.com/dyaksa/warehouse/api/route/product_route.go:17.142,31.2 8 0
github.com/dyaksa/warehouse/api/route/route.go:15.123,26.2 9 0
github.com/dyaksa/warehouse/api/route/route.go:26.2,28.3 1 0
github.com/dyaksa/warehouse/api/route/shop_route.go:17.139,31.2 9 0
github.com/dyaksa/warehouse/api/route/stock_release_route.go:24.3,30.2 5 0
github.com/dyaksa/warehouse/api/route/user_route.go:13.140,14.2 0 0
github.com/dyaksa/warehouse/api/route/warehouse_route.go:17.144,34.2 12 0
github.com/dyaksa/warehouse/api/route/warehouse_transfer_route.go:17.152,47.2 13 0
github.com/dyaksa/warehouse/api/worker/stock_release_worker.go:26.23,28.27 1 0
github.com/dyaksa/warehouse/api/worker/stock_release_worker.go:28.27,30.3 1 0
github.com/dyaksa/warehouse/api/worker/stock_release_worker.go:31.2,31.26 1 0
github.com/dyaksa/warehouse/api/worker/stock_release_worker.go:31.26,33.3 1 0
github.com/dyaksa/warehouse/api/worker/stock_release_worker.go:35.2,40.3 1 0
github.com/dyaksa/warehouse/api/worker/stock_release_worker.go:44.57,50.6 4 0
github.com/dyaksa/warehouse/api/worker/stock_release_worker.go:50.6,51.10 1 0
github.com/dyaksa/warehouse/api/worker/stock_release_worker.go:52.21,54.10 2 0
github.com/dyaksa/warehouse/api/worker/stock_release_worker.go:55.19,57.10 2 0
github.com/dyaksa/warehouse/api/worker/stock_release_worker.go:58.19,59.37 1 0
github.com/dyaksa/warehouse/api/worker/stock_release_worker.go:65.37,67.2 1 0
github.com/dyaksa/warehouse/api/worker/stock_release_worker.go:70.77,77.2 4 0
github.com/dyaksa/warehouse/api/worker/stock_release_worker.go:79.78,83.16 3 0
github.com/dyaksa/warehouse/api/worker/stock_release_worker.go:83.16,86.3 2 0
github.com/dyaksa/warehouse/api/worker/stock_release_worker.go:88.2,89.62 2 0
github.com/dyaksa/warehouse/api/worker/stock_release_worker.go:93.68,96.2 2 0
github.com/dyaksa/warehouse/bootstrap/app.go:24.44,35.16 3 0
github.com/dyaksa/warehouse/bootstrap/app.go:35.16,36.13 1 0
github.com/dyaksa/warehouse/bootstrap/app.go:39.2,43.12 4 0
github.com/dyaksa/warehouse/bootstrap/app.go:46.43,48.2 1 0
github.com/dyaksa/warehouse/bootstrap/app.go:50.44,51.67 1 0
github.com/dyaksa/warehouse/bootstrap/app.go:51.67,53.3 1 0
github.com/dyaksa/warehouse/bootstrap/crypto.go:8.52,10.16 2 0
github.com/dyaksa/warehouse/bootstrap/crypto.go:10.16,12.3 1 0
github.com/dyaksa/warehouse/bootstrap/crypto.go:14.2,14.10 1 0
github.com/dyaksa/warehouse/bootstrap/env.go:33.39,34.40 1 0
github.com/dyaksa/warehouse/bootstrap/env.go:34.40,36.3 1 0
github.com/dyaksa/warehouse/bootstrap/env.go:38.2,40.53 2 0
github.com/dyaksa/warehouse/bootstrap/env.go:40.53,42.3 1 0
github.com/dyaksa/warehouse/bootstrap/env.go:44.2,44.13 1 0
github.com/dyaksa/warehouse/bootstrap/postgres.go:12.55,24.16 10 0
github.com/dyaksa/warehouse/bootstrap/postgres.go:24.16,26.3 1 0
github.com/dyaksa/warehouse/bootstrap/postgres.go:28.2,28.47 1 0
github.com/dyaksa/warehouse/bootstrap/postgres.go:28.47,30.3 1 0
github.com/dyaksa/warehouse/bootstrap/postgres.go:32.2,32.15 1 0
github.com/dyaksa/warehouse/bootstrap/postgres.go:35.57,36.19 1 0
github.com/dyaksa/warehouse/bootstrap/postgres.go:36.19,38.3 1 0
github.com/dyaksa/warehouse/bootstrap/postgres.go:40.2,40.39 1 0
github.com/dyaksa/warehouse/bootstrap/postgres.go:40.39,42.3 1 0
github.com/dyaksa/warehouse/bootstrap/postgres.go:44.2,44.38 1 0
github.com/dyaksa/warehouse/domain/auth.go:23.58,25.16 2 0
github.com/dyaksa/warehouse/domain/auth.go:25.16,26.13 1 0
github.com/dyaksa/warehouse/domain/auth.go:28.2,28.91 1 0
github.com/dyaksa/warehouse/infrastructure/crypto/crypto.go:21.83,23.2 1 0
github.com/dyaksa/warehouse/infrastructure/crypto/crypto.go:25.53,27.2 1 0
github.com/dyaksa/warehouse/infrastructure/crypto/crypto.go:29.82,31.2 1 0
github.com/dyaksa/warehouse/infrastructure/crypto/crypto.go:33.70,35.2 1 0
github.com/dyaksa/warehouse/infrastructure/crypto/crypto.go:37.54,39.2 1 0
github.com/dyaksa/warehouse/infrastructure/crypto/crypto.go:41.28,47.16 2 0
github.com/dyaksa/warehouse/infrastructure/crypto/crypto.go:47.16,49.3 1 0
github.com/dyaksa/warehouse/infrastructure/crypto/crypto.go:51.2,51.35 1 0
github.com/dyaksa/warehouse/docs/docs.go:1115.13,1117.2 1 0
github.com/dyaksa/warehouse/infrastructure/pqsql/postgres.go:15.101,17.2 1 0
github.com/dyaksa/warehouse/infrastructure/pqsql/postgres.go:19.108,21.2 1 0
github.com/dyaksa/warehouse/infrastructure/pqsql/postgres.go:23.108,25.2 1 0
github.com/dyaksa/warehouse/infrastructure/pqsql/postgres.go:34.121,36.2 1 0
github.com/dyaksa/warehouse/infrastructure/pqsql/postgres.go:53.38,55.2 1 0
github.com/dyaksa/warehouse/infrastructure/pqsql/postgres.go:57.57,59.2 1 0
github.com/dyaksa/warehouse/infrastructure/pqsql/postgres.go:61.85,63.2 1 0
github.com/dyaksa/warehouse/infrastructure/pqsql/postgres.go:65.43,67.2 1 0
github.com/dyaksa/warehouse/infrastructure/pqsql/postgres.go:69.87,71.2 1 0
github.com/dyaksa/warehouse/infrastructure/pqsql/postgres.go:73.59,75.2 1 0
github.com/dyaksa/warehouse/infrastructure/pqsql/postgres.go:77.32,79.2 1 0
github.com/dyaksa/warehouse/infrastructure/pqsql/postgres.go:81.31,83.2 1 0
github.com/dyaksa/warehouse/infrastructure/pqsql/postgres.go:85.51,87.16 2 0
github.com/dyaksa/warehouse/infrastructure/pqsql/postgres.go:87.16,89.3 1 0
github.com/dyaksa/warehouse/infrastructure/pqsql/postgres.go:91.2,93.20 2 0
github.com/dyaksa/warehouse/infrastructure/pqsql/wraptx.go:12.40,16.2 1 0
github.com/dyaksa/warehouse/infrastructure/pqsql/wraptx.go:18.117,20.16 2 0
github.com/dyaksa/warehouse/infrastructure/pqsql/wraptx.go:20.16,22.3 1 0
github.com/dyaksa/warehouse/infrastructure/pqsql/wraptx.go:24.2,25.13 2 0
github.com/dyaksa/warehouse/infrastructure/pqsql/wraptx.go:26.11,26.11 0 0
github.com/dyaksa/warehouse/infrastructure/pqsql/wraptx.go:27.21,28.18 1 0
github.com/dyaksa/warehouse/infrastructure/pqsql/wraptx.go:29.10,31.18 2 0
github.com/dyaksa/warehouse/infrastructure/pqsql/wraptx.go:34.2,34.36 1 0
github.com/dyaksa/warehouse/infrastructure/pqsql/wraptx.go:34.36,36.3 1 0
github.com/dyaksa/warehouse/infrastructure/pqsql/wraptx.go:38.2,38.17 1 0
github.com/dyaksa/warehouse/mocks/crypto/crypto_mock.go:18.16,22.19 3 0
github.com/dyaksa/warehouse/mocks/crypto/crypto_mock.go:22.19,22.49 1 0
github.com/dyaksa/warehouse/mocks/crypto/crypto_mock.go:24.2,24.13 1 0
github.com/dyaksa/warehouse/mocks/crypto/crypto_mock.go:36.53,38.2 1 0
github.com/dyaksa/warehouse/mocks/crypto/crypto_mock.go:41.70,44.19 2 0
github.com/dyaksa/warehouse/mocks/crypto/crypto_mock.go:44.19,45.49 1 0
github.com/dyaksa/warehouse/mocks/crypto/crypto_mock.go:48.2,49.81 2 0
github.com/dyaksa/warehouse/mocks/crypto/crypto_mock.go:49.81,51.3 1 0
github.com/dyaksa/warehouse/mocks/crypto/crypto_mock.go:51.8,52.24 1 0
github.com/dyaksa/warehouse/mocks/crypto/crypto_mock.go:52.24,54.4 1 0
github.com/dyaksa/warehouse/mocks/crypto/crypto_mock.go:56.2,56.11 1 0
github.com/dyaksa/warehouse/mocks/crypto/crypto_mock.go:65.67,67.2 1 0
github.com/dyaksa/warehouse/mocks/crypto/crypto_mock.go:69.77,70.40 1 0
github.com/dyaksa/warehouse/mocks/crypto/crypto_mock.go:70.40,72.3 1 0
github.com/dyaksa/warehouse/mocks/crypto/crypto_mock.go:73.2,73.11 1 0
github.com/dyaksa/warehouse/mocks/crypto/crypto_mock.go:76.106,79.2 2 0
github.com/dyaksa/warehouse/mocks/crypto/crypto_mock.go:81.120,84.2 2 0
github.com/dyaksa/warehouse/mocks/crypto/crypto_mock.go:87.53,90.19 2 0
github.com/dyaksa/warehouse/mocks/crypto/crypto_mock.go:90.19,91.50 1 0
github.com/dyaksa/warehouse/mocks/crypto/crypto_mock.go:94.2,95.56 2 0
github.com/dyaksa/warehouse/mocks/crypto/crypto_mock.go:95.56,97.3 1 0
github.com/dyaksa/warehouse/mocks/crypto/crypto_mock.go:97.8,99.3 1 0
github.com/dyaksa/warehouse/mocks/crypto/crypto_mock.go:100.2,100.11 1 0
github.com/dyaksa/warehouse/mocks/crypto/crypto_mock.go:110.87,112.2 1 0
github.com/dyaksa/warehouse/mocks/crypto/crypto_mock.go:114.89,115.40 1 0
github.com/dyaksa/warehouse/mocks/crypto/crypto_mock.go:115.40,117.3 1 0
github.com/dyaksa/warehouse/mocks/crypto/crypto_mock.go:118.2,118.11 1 0
github.com/dyaksa/warehouse/mocks/crypto/crypto_mock.go:121.81,124.2 2 0
github.com/dyaksa/warehouse/mocks/crypto/crypto_mock.go:126.104,129.2 2 0
github.com/dyaksa/warehouse/mocks/crypto/crypto_mock.go:132.82,135.19 2 0
github.com/dyaksa/warehouse/mocks/crypto/crypto_mock.go:135.19,136.49 1 0
github.com/dyaksa/warehouse/mocks/crypto/crypto_mock.go:139.2,140.89 2 0
github.com/dyaksa/warehouse/mocks/crypto/crypto_mock.go:140.89,142.3 1 0
github.com/dyaksa/warehouse/mocks/crypto/crypto_mock.go:142.8,144.3 1 0
github.com/dyaksa/warehouse/mocks/crypto/crypto_mock.go:145.2,145.11 1 0
github.com/dyaksa/warehouse/mocks/crypto/crypto_mock.go:155.82,157.2 1 0
github.com/dyaksa/warehouse/mocks/crypto/crypto_mock.go:159.87,160.40 1 0
github.com/dyaksa/warehouse/mocks/crypto/crypto_mock.go:160.40,162.3 1 0
github.com/dyaksa/warehouse/mocks/crypto/crypto_mock.go:163.2,163.11 1 0
github.com/dyaksa/warehouse/mocks/crypto/crypto_mock.go:166.109,169.2 2 0
github.com/dyaksa/warehouse/mocks/crypto/crypto_mock.go:171.132,174.2 2 0
github.com/dyaksa/warehouse/mocks/crypto/crypto_mock.go:177.83,180.19 2 0
github.com/dyaksa/warehouse/mocks/crypto/crypto_mock.go:180.19,181.49 1 0
github.com/dyaksa/warehouse/mocks/crypto/crypto_mock.go:184.2,185.89 2 0
github.com/dyaksa/warehouse/mocks/crypto/crypto_mock.go:185.89,187.3 1 0
github.com/dyaksa/warehouse/mocks/crypto/crypto_mock.go:187.8,189.3 1 0
github.com/dyaksa/warehouse/mocks/crypto/crypto_mock.go:190.2,190.11 1 0
github.com/dyaksa/warehouse/mocks/crypto/crypto_mock.go:200.83,202.2 1 0
github.com/dyaksa/warehouse/mocks/crypto/crypto_mock.go:204.88,205.40 1 0
github.com/dyaksa/warehouse/mocks/crypto/crypto_mock.go:205.40,207.3 1 0
github.com/dyaksa/warehouse/mocks/crypto/crypto_mock.go:208.2,208.11 1 0
github.com/dyaksa/warehouse/mocks/crypto/crypto_mock.go:211.109,214.2 2 0
github.com/dyaksa/warehouse/mocks/crypto/crypto_mock.go:216.133,219.2 2 0
github.com/dyaksa/warehouse/mocks/crypto/crypto_mock.go:222.54,225.19 2 0
github.com/dyaksa/warehouse/mocks/crypto/crypto_mock.go:225.19,226.52 1 0
github.com/dyaksa/warehouse/mocks/crypto/crypto_mock.go:229.2,230.60 2 0
github.com/dyaksa/warehouse/mocks/crypto/crypto_mock.go:230.60,232.3 1 0
github.com/dyaksa/warehouse/mocks/crypto/crypto_mock.go:232.8,234.3 1 0
github.com/dyaksa/warehouse/mocks/crypto/crypto_mock.go:235.2,235.11 1 0
github.com/dyaksa/warehouse/mocks/crypto/crypto_mock.go:245.86,247.2 1 0
github.com/dyaksa/warehouse/mocks/crypto/crypto_mock.go:249.91,250.40 1 0
github.com/dyaksa/warehouse/mocks/crypto/crypto_mock.go:250.40,252.3 1 0
github.com/dyaksa/warehouse/mocks/crypto/crypto_mock.go:253.2,253.11 1 0
github.com/dyaksa/warehouse/mocks/crypto/crypto_mock.go:256.85,259.2 2 0
github.com/dyaksa/warehouse/mocks/crypto/crypto_mock.go:261.107,264.2 2 0
github.com/dyaksa/warehouse/mocks/pqsql/client_mock.go:20.16,24.19 3 0
github.com/dyaksa/warehouse/mocks/pqsql/client_mock.go:24.19,24.49 1 0
github.com/dyaksa/warehouse/mocks/pqsql/client_mock.go:26.2,26.13 1 0
github.com/dyaksa/warehouse/mocks/pqsql/client_mock.go:38.53,40.2 1 0
github.com/dyaksa/warehouse/mocks/pqsql/client_mock.go:43.51,46.19 2 0
github.com/dyaksa/warehouse/mocks/pqsql/client_mock.go:46.19,47.47 1 0
github.com/dyaksa/warehouse/mocks/pqsql/client_mock.go:50.2,52.64 3 0
github.com/dyaksa/warehouse/mocks/pqsql/client_mock.go:52.64,54.3 1 0
github.com/dyaksa/warehouse/mocks/pqsql/client_mock.go:55.2,55.55 1 0
github.com/dyaksa/warehouse/mocks/pqsql/client_mock.go:55.55,57.3 1 0
github.com/dyaksa/warehouse/mocks/pqsql/client_mock.go:57.8,58.24 1 0
github.com/dyaksa/warehouse/mocks/pqsql/client_mock.go:58.24,60.4 1 0
github.com/dyaksa/warehouse/mocks/pqsql/client_mock.go:62.2,62.53 1 0
github.com/dyaksa/warehouse/mocks/pqsql/client_mock.go:62.53,64.3 1 0
github.com/dyaksa/warehouse/mocks/pqsql/client_mock.go:64.8,66.3 1 0
github.com/dyaksa/warehouse/mocks/pqsql/client_mock.go:67.2,67.15 1 0
github.com/dyaksa/warehouse/mocks/pqsql/client_mock.go:76.63,78.2 1 0
github.com/dyaksa/warehouse/mocks/pqsql/client_mock.go:80.73,81.40 1 0
github.com/dyaksa/warehouse/mocks/pqsql/client_mock.go:81.40,83.3 1 0
github.com/dyaksa/warehouse/mocks/pqsql/client_mock.go:84.2,84.11 1 0
github.com/dyaksa/warehouse/mocks/pqsql/client_mock.go:87.87,90.2 2 0
github.com/dyaksa/warehouse/mocks/pqsql/client_mock.go:92.99,95.2 2 0
github.com/dyaksa/warehouse/mocks/pqsql/client_mock.go:98.93,101.19 2 0
github.com/dyaksa/warehouse/mocks/pqsql/client_mock.go:101.19,102.49 1 0
github.com/dyaksa/warehouse/mocks/pqsql/client_mock.go:105.2,107.95 3 0
github.com/dyaksa/warehouse/mocks/pqsql/client_mock.go:107.95,109.3 1 0
github.com/dyaksa/warehouse/mocks/pqsql/client_mock.go:110.2,110.86 1 0
github.com/dyaksa/warehouse/mocks/pqsql/client_mock.go:110.86,112.3 1 0
github.com/dyaksa/warehouse/mocks/pqsql/client_mock.go:112.8,113.24 1 0
github.com/dyaksa/warehouse/mocks/pqsql/client_mock.go:113.24,115.4 1 0
github.com/dyaksa/warehouse/mocks/pqsql/client_mock.go:117.2,117.84 1 0
github.com/dyaksa/warehouse/mocks/pqsql/client_mock.go:117.84,119.3 1 0
github.com/dyaksa/warehouse/mocks/pqsql/client_mock.go:119.8,121.3 1 0
github.com/dyaksa/warehouse/mocks/pqsql/client_mock.go:122.2,122.15 1 0
github.com/dyaksa/warehouse/mocks/pqsql/client_mock.go:133.100,135.2 1 0
github.com/dyaksa/warehouse/mocks/pqsql/client_mock.go:137.117,138.40 1 0
github.com/dyaksa/warehouse/mocks/pqsql/client_mock.go:138.40,140.3 1 0
github.com/dyaksa/warehouse/mocks/pqsql/client_mock.go:141.2,141.11 1 0
github.com/dyaksa/warehouse/mocks/pqsql/client_mock.go:144.91,147.2 2 0
github.com/dyaksa/warehouse/mocks/pqsql/client_mock.go:149.143,152.2 2 0
github.com/dyaksa/warehouse/mocks/pqsql/client_mock.go:155.40,158.19 2 0
github.com/dyaksa/warehouse/mocks/pqsql/client_mock.go:158.19,159.47 1 0
github.com/dyaksa/warehouse/mocks/pqsql/client_mock.go:162.2,163.53 2 0
github.com/dyaksa/warehouse/mocks/pqsql/client_mock.go:163.53,165.3 1 0
github.com/dyaksa/warehouse/mocks/pqsql/client_mock.go:165.8,167.3 1 0
github.com/dyaksa/warehouse/mocks/pqsql/client_mock.go:168.2,168.11 1 0
github.com/dyaksa/warehouse/mocks/pqsql/client_mock.go:177.63,179.2 1 0
github.com/dyaksa/warehouse/mocks/pqsql/client_mock.go:181.73,182.40 1 0
github.com/dyaksa/warehouse/mocks/pqsql/client_mock.go:182.40,184.3 1 0
github.com/dyaksa/warehouse/mocks/pqsql/client_mock.go:185.2,185.11 1 0
github.com/dyaksa/warehouse/mocks/pqsql/client_mock.go:188.75,191.2 2 0
github.com/dyaksa/warehouse/mocks/pqsql/client_mock.go:193.88,196.2 2 0
github.com/dyaksa/warehouse/mocks/pqsql/client_mock.go:199.52,202.19 2 0
github.com/dyaksa/warehouse/mocks/pqsql/client_mock.go:202.19,203.50 1 0
github.com/dyaksa/warehouse/mocks/pqsql/client_mock.go:206.2,207.62 2 0
github.com/dyaksa/warehouse/mocks/pqsql/client_mock.go:207.62,209.3 1 0
github.com/dyaksa/warehouse/mocks/pqsql/client_mock.go:209.8,210.24 1 0
github.com/dyaksa/warehouse/mocks/pqsql/client_mock.go:210.24,212.4 1 0
github.com/dyaksa/warehouse/mocks/pqsql/client_mock.go:214.2,214.11 1 0
github.com/dyaksa/warehouse/mocks/pqsql/client_mock.go:223.69,225.2 1 0
github.com/dyaksa/warehouse/mocks/pqsql/client_mock.go:227.79,228.40 1 0
github.com/dyaksa/warehouse/mocks/pqsql/client_mock.go:228.40,230.3 1 0
github.com/dyaksa/warehouse/mocks/pqsql/client_mock.go:231.2,231.11 1 0
github.com/dyaksa/warehouse/mocks/pqsql/client_mock.go:234.95,237.2 2 0
github.com/dyaksa/warehouse/mocks/pqsql/client_mock.go:239.103,242.2 2 0
github.com/dyaksa/warehouse/mocks/pqsql/client_mock.go:245.39,248.19 2 0
github.com/dyaksa/warehouse/mocks/pqsql/client_mock.go:248.19,249.46 1 0
github.com/dyaksa/warehouse/mocks/pqsql/client_mock.go:252.2,253.53 2 0
github.com/dyaksa/warehouse/mocks/pqsql/client_mock.go:253.53,255.3 1 0
github.com/dyaksa/warehouse/mocks/pqsql/client_mock.go:255.8,257.3 1 0
github.com/dyaksa/warehouse/mocks/pqsql/client_mock.go:258.2,258.11 1 0
github.com/dyaksa/warehouse/mocks/pqsql/client_mock.go:267.61,269.2 1 0
github.com/dyaksa/warehouse/mocks/pqsql/client_mock.go:271.71,272.40 1 0
github.com/dyaksa/warehouse/mocks/pqsql/client_mock.go:272.40,274.3 1 0
github.com/dyaksa/warehouse/mocks/pqsql/client_mock.go:275.2,275.11 1 0
github.com/dyaksa/warehouse/mocks/pqsql/client_mock.go:278.73,281.2 2 0
github.com/dyaksa/warehouse/mocks/pqsql/client_mock.go:283.86,286.2 2 0
github.com/dyaksa/warehouse/mocks/pqsql/client_mock.go:289.65,292.19 2 0
github.com/dyaksa/warehouse/mocks/pqsql/client_mock.go:292.19,293.53 1 0
github.com/dyaksa/warehouse/mocks/pqsql/client_mock.go:296.2,297.68 2 0
github.com/dyaksa/warehouse/mocks/pqsql/client_mock.go:297.68,299.3 1 0
github.com/dyaksa/warehouse/mocks/pqsql/client_mock.go:299.8,301.3 1 0
github.com/dyaksa/warehouse/mocks/pqsql/client_mock.go:302.2,302.11 1 0
github.com/dyaksa/warehouse/mocks/pqsql/client_mock.go:312.90,314.2 1 0
github.com/dyaksa/warehouse/mocks/pqsql/client_mock.go:316.104,317.40 1 0
github.com/dyaksa/warehouse/mocks/pqsql/client_mock.go:317.40,319.3 1 0
github.com/dyaksa/warehouse/mocks/pqsql/client_mock.go:320.2,320.11 1 0
github.com/dyaksa/warehouse/mocks/pqsql/client_mock.go:323.87,326.2 2 0
github.com/dyaksa/warehouse/mocks/pqsql/client_mock.go:328.119,331.2 2 0
github.com/dyaksa/warehouse/mocks/pqsql/client_mock.go:334.67,337.19 2 0
github.com/dyaksa/warehouse/mocks/pqsql/client_mock.go:337.19,338.49 1 0
github.com/dyaksa/warehouse/mocks/pqsql/client_mock.go:341.2,343.72 3 0
github.com/dyaksa/warehouse/mocks/pqsql/client_mock.go:343.72,345.3 1 0
github.com/dyaksa/warehouse/mocks/pqsql/client_mock.go:346.2,346.63 1 0
github.com/dyaksa/warehouse/mocks/pqsql/client_mock.go:346.63,348.3 1 0
github.com/dyaksa/warehouse/mocks/pqsql/client_mock.go:348.8,349.24 1 0
github.com/dyaksa/warehouse/mocks/pqsql/client_mock.go:349.24,351.4 1 0
github.com/dyaksa/warehouse/mocks/pqsql/client_mock.go:353.2,353.59 1 0
github.com/dyaksa/warehouse/mocks/pqsql/client_mock.go:353.59,355.3 1 0
github.com/dyaksa/warehouse/mocks/pqsql/client_mock.go:355.8,357.3 1 0
github.com/dyaksa/warehouse/mocks/pqsql/client_mock.go:358.2,358.15 1 0
github.com/dyaksa/warehouse/mocks/pqsql/client_mock.go:368.84,370.2 1 0
github.com/dyaksa/warehouse/mocks/pqsql/client_mock.go:372.89,373.40 1 0
github.com/dyaksa/warehouse/mocks/pqsql/client_mock.go:373.40,375.3 1 0
github.com/dyaksa/warehouse/mocks/pqsql/client_mock.go:376.2,376.11 1 0
github.com/dyaksa/warehouse/mocks/pqsql/client_mock.go:379.95,382.2 2 0
github.com/dyaksa/warehouse/mocks/pqsql/client_mock.go:384.117,387.2 2 0
github.com/dyaksa/warehouse/mocks/pqsql/client_mock.go:390.95,393.19 2 0
github.com/dyaksa/warehouse/mocks/pqsql/client_mock.go:393.19,394.56 1 0
github.com/dyaksa/warehouse/mocks/pqsql/client_mock.go:397.2,399.89 3 0
github.com/dyaksa/warehouse/mocks/pqsql/client_mock.go:399.89,401.3 1 0
github.com/dyaksa/warehouse/mocks/pqsql/client_mock.go:402.2,402.80 1 0
github.com/dyaksa/warehouse/mocks/pqsql/client_mock.go:402.80,404.3 1 0
github.com/dyaksa/warehouse/mocks/pqsql/client_mock.go:404.8,405.24 1 0
github.com/dyaksa/warehouse/mocks/pqsql/client_mock.go:405.24,407.4 1 0
github.com/dyaksa/warehouse/mocks/pqsql/client_mock.go:409.2,409.76 1 0
github.com/dyaksa/warehouse/mocks/pqsql/client_mock.go:409.76,411.3 1 0
github.com/dyaksa/warehouse/mocks/pqsql/client_mock.go:411.8,413.3 1 0
github.com/dyaksa/warehouse/mocks/pqsql/client_mock.go:414.2,414.15 1 0
github.com/dyaksa/warehouse/mocks/pqsql/client_mock.go:425.115,427.2 1 0
github.com/dyaksa/warehouse/mocks/pqsql/client_mock.go:429.124,430.40 1 0
github.com/dyaksa/warehouse/mocks/pqsql/client_mock.go:430.40,432.3 1 0
github.com/dyaksa/warehouse/mocks/pqsql/client_mock.go:433.2,433.11 1 0
github.com/dyaksa/warehouse/mocks/pqsql/client_mock.go:436.109,439.2 2 0
github.com/dyaksa/warehouse/mocks/pqsql/client_mock.go:441.152,444.2 2 0
github.com/dyaksa/warehouse/mocks/pqsql/database_mock.go:19.18,23.19 3 0
github.com/dyaksa/warehouse/mocks/pqsql/database_mock.go:23.19,23.49 1 0
github.com/dyaksa/warehouse/mocks/pqsql/database_mock.go:25.2,25.13 1 0
github.com/dyaksa/warehouse/mocks/pqsql/database_mock.go:37.57,39.2 1 0
github.com/dyaksa/warehouse/mocks/pqsql/database_mock.go:42.116,44.19 2 0
github.com/dyaksa/warehouse/mocks/pqsql/database_mock.go:44.19,46.3 1 0
github.com/dyaksa/warehouse/mocks/pqsql/database_mock.go:46.8,48.3 1 0
github.com/dyaksa/warehouse/mocks/pqsql/database_mock.go:49.2,51.19 2 0
github.com/dyaksa/warehouse/mocks/pqsql/database_mock.go:51.19,52.53 1 0
github.com/dyaksa/warehouse/mocks/pqsql/database_mock.go:55.2,57.106 3 0
github.com/dyaksa/warehouse/mocks/pqsql/database_mock.go:57.106,59.3 1 0
github.com/dyaksa/warehouse/mocks/pqsql/database_mock.go:60.2,60.97 1 0
github.com/dyaksa/warehouse/mocks/pqsql/database_mock.go:60.97,62.3 1 0
github.com/dyaksa/warehouse/mocks/pqsql/database_mock.go:62.8,63.24 1 0
github.com/dyaksa/warehouse/mocks/pqsql/database_mock.go:63.24,65.4 1 0
github.com/dyaksa/warehouse/mocks/pqsql/database_mock.go:67.2,67.92 1 0
github.com/dyaksa/warehouse/mocks/pqsql/database_mock.go:67.92,69.3 1 0
github.com/dyaksa/warehouse/mocks/pqsql/database_mock.go:69.8,71.3 1 0
github.com/dyaksa/warehouse/mocks/pqsql/database_mock.go:72.2,72.15 1 0
github.com/dyaksa/warehouse/mocks/pqsql/database_mock.go:84.134,87.2 1 0
github.com/dyaksa/warehouse/mocks/pqsql/database_mock.go:89.143,90.40 1 0
github.com/dyaksa/warehouse/mocks/pqsql/database_mock.go:90.40,93.3 2 0
github.com/dyaksa/warehouse/mocks/pqsql/database_mock.go:94.2,94.11 1 0
github.com/dyaksa/warehouse/mocks/pqsql/database_mock.go:97.110,100.2 2 0
github.com/dyaksa/warehouse/mocks/pqsql/database_mock.go:102.172,105.2 2 0
github.com/dyaksa/warehouse/mocks/pqsql/database_mock.go:108.116,110.19 2 0
github.com/dyaksa/warehouse/mocks/pqsql/database_mock.go:110.19,112.3 1 0
github.com/dyaksa/warehouse/mocks/pqsql/database_mock.go:112.8,114.3 1 0
github.com/dyaksa/warehouse/mocks/pqsql/database_mock.go:115.2,117.19 2 0
github.com/dyaksa/warehouse/mocks/pqsql/database_mock.go:117.19,118.54 1 0
github.com/dyaksa/warehouse/mocks/pqsql/database_mock.go:121.2,123.105 3 0
github.com/dyaksa/warehouse/mocks/pqsql/database_mock.go:123.105,125.3 1 0
github.com/dyaksa/warehouse/mocks/pqsql/database_mock.go:126.2,126.96 1 0
github.com/dyaksa/warehouse/mocks/pqsql/database_mock.go:126.96,128.3 1 0
github.com/dyaksa/warehouse/mocks/pqsql/database_mock.go:128.8,129.24 1 0
github.com/dyaksa/warehouse/mocks/pqsql/database_mock.go:129.24,131.4 1 0
github.com/dyaksa/warehouse/mocks/pqsql/database_mock.go:133.2,133.92 1 0
github.com/dyaksa/warehouse/mocks/pqsql/database_mock.go:133.92,135.3 1 0
github.com/dyaksa/warehouse/mocks/pqsql/database_mock.go:135.8,137.3 1 0
github.com/dyaksa/warehouse/mocks/pqsql/database_mock.go:138.2,138.15 1 0
github.com/dyaksa/warehouse/mocks/pqsql/database_mock.go:150.136,153.2 1 0
github.com/dyaksa/warehouse/mocks/pqsql/database_mock.go:155.145,156.40 1 0
github.com/dyaksa/warehouse/mocks/pqsql/database_mock.go:156.40,159.3 2 0
github.com/dyaksa/warehouse/mocks/pqsql/database_mock.go:160.2,160.11 1 0
github.com/dyaksa/warehouse/mocks/pqsql/database_mock.go:163.109,166.2 2 0
github.com/dyaksa/warehouse/mocks/pqsql/database_mock.go:168.173,171.2 2 0
github.com/dyaksa/warehouse/mocks/pqsql/database_mock.go:174.109,176.19 2 0
github.com/dyaksa/warehouse/mocks/pqsql/database_mock.go:176.19,178.3 1 0
github.com/dyaksa/warehouse/mocks/pqsql/database_mock.go:178.8,180.3 1 0
github.com/dyaksa/warehouse/mocks/pqsql/database_mock.go:181.2,183.19 2 0
github.com/dyaksa/warehouse/mocks/pqsql/database_mock.go:183.19,184.57 1 0
github.com/dyaksa/warehouse/mocks/pqsql/database_mock.go:187.2,188.95 2 0
github.com/dyaksa/warehouse/mocks/pqsql/database_mock.go:188.95,190.3 1 0
github.com/dyaksa/warehouse/mocks/pqsql/database_mock.go:190.8,191.24 1 0
github.com/dyaksa/warehouse/mocks/pqsql/database_mock.go:191.24,193.4 1 0
github.com/dyaksa/warehouse/mocks/pqsql/database_mock.go:195.2,195.11 1 0
github.com/dyaksa/warehouse/mocks/pqsql/database_mock.go:207.142,210.2 1 0
github.com/dyaksa/warehouse/mocks/pqsql/database_mock.go:212.151,213.40 1 0
github.com/dyaksa/warehouse/mocks/pqsql/database_mock.go:213.40,216.3 2 0
github.com/dyaksa/warehouse/mocks/pqsql/database_mock.go:217.2,217.11 1 0
github.com/dyaksa/warehouse/mocks/pqsql/database_mock.go:220.102,223.2 2 0
github.com/dyaksa/warehouse/mocks/pqsql/database_mock.go:225.169,228.2 2 0
github.com/dyaksa/warehouse/mocks/pqsql/database_mock.go:231.129,234.19 2 0
github.com/dyaksa/warehouse/mocks/pqsql/database_mock.go:234.19,235.53 1 0
github.com/dyaksa/warehouse/mocks/pqsql/database_mock.go:238.2,240.127 3 0
github.com/dyaksa/warehouse/mocks/pqsql/database_mock.go:240.127,242.3 1 0
github.com/dyaksa/warehouse/mocks/pqsql/database_mock.go:243.2,243.118 1 0
github.com/dyaksa/warehouse/mocks/pqsql/database_mock.go:243.118,245.3 1 0
github.com/dyaksa/warehouse/mocks/pqsql/database_mock.go:245.8,246.24 1 0
github.com/dyaksa/warehouse/mocks/pqsql/database_mock.go:246.24,248.4 1 0
github.com/dyaksa/warehouse/mocks/pqsql/database_mock.go:250.2,250.120 1 0
github.com/dyaksa/warehouse/mocks/pqsql/database_mock.go:250.120,252.3 1 0
github.com/dyaksa/warehouse/mocks/pqsql/database_mock.go:252.8,254.3 1 0
github.com/dyaksa/warehouse/mocks/pqsql/database_mock.go:255.2,255.15 1 0
github.com/dyaksa/warehouse/mocks/pqsql/database_mock.go:266.110,268.2 1 0
github.com/dyaksa/warehouse/mocks/pqsql/database_mock.go:270.163,271.40 1 0
github.com/dyaksa/warehouse/mocks/pqsql/database_mock.go:271.40,273.3 1 0
github.com/dyaksa/warehouse/mocks/pqsql/database_mock.go:274.2,274.11 1 0
github.com/dyaksa/warehouse/mocks/pqsql/database_mock.go:277.98,280.2 2 0
github.com/dyaksa/warehouse/mocks/pqsql/database_mock.go:282.185,285.2 2 0
github.com/dyaksa/warehouse/pkg/paginator/offset.go:7.137,12.16 4 0
github.com/dyaksa/warehouse/pkg/paginator/offset.go:12.16,14.3 1 0
github.com/dyaksa/warehouse/pkg/paginator/offset.go:16.2,16.57 1 0
github.com/dyaksa/warehouse/pkg/paginator/offset.go:19.47,21.2 1 0
github.com/dyaksa/warehouse/pkg/paginator/paginator.go:16.54,17.18 1 0
github.com/dyaksa/warehouse/pkg/paginator/paginator.go:17.18,19.3 1 0
github.com/dyaksa/warehouse/pkg/paginator/paginator.go:21.2,21.19 1 0
github.com/dyaksa/warehouse/pkg/paginator/paginator.go:21.19,23.3 1 0
github.com/dyaksa/warehouse/pkg/paginator/paginator.go:25.2,25.25 1 0
github.com/dyaksa/warehouse/pkg/paginator/paginator.go:25.25,27.3 1 0
github.com/dyaksa/warehouse/pkg/paginator/paginator.go:30.46,32.2 1 0
github.com/dyaksa/warehouse/pkg/paginator/paginator.go:44.104,45.18 1 0
github.com/dyaksa/warehouse/pkg/paginator/paginator.go:45.18,47.3 1 0
github.com/dyaksa/warehouse/pkg/paginator/paginator.go:49.2,50.37 2 0
github.com/dyaksa/warehouse/pkg/paginator/paginator.go:50.37,52.3 1 0
github.com/dyaksa/warehouse/pkg/paginator/paginator.go:54.2,62.3 1 0
github.com/dyaksa/warehouse/pkg/log/global.go:5.49,6.35 1 0
github.com/dyaksa/warehouse/pkg/log/global.go:6.35,8.3 1 0
github.com/dyaksa/warehouse/pkg/log/global.go:10.2,10.33 1 0
github.com/dyaksa/warehouse/pkg/log/global.go:10.33,12.3 1 0
github.com/dyaksa/warehouse/pkg/log/global.go:16.51,17.32 1 0
github.com/dyaksa/warehouse/pkg/log/global.go:17.32,19.3 1 0
github.com/dyaksa/warehouse/pkg/log/global.go:22.54,23.32 1 0
github.com/dyaksa/warehouse/pkg/log/global.go:23.32,25.3 1 0
github.com/dyaksa/warehouse/pkg/log/global.go:28.55,29.32 1 0
github.com/dyaksa/warehouse/pkg/log/global.go:29.32,31.3 1 0
github.com/dyaksa/warehouse/pkg/log/global.go:34.57,35.32 1 0
github.com/dyaksa/warehouse/pkg/log/global.go:35.32,37.3 1 0
github.com/dyaksa/warehouse/pkg/log/global.go:40.53,41.32 1 0
github.com/dyaksa/warehouse/pkg/log/global.go:41.32,43.3 1 0
github.com/dyaksa/warehouse/pkg/log/global.go:46.55,47.32 1 0
github.com/dyaksa/warehouse/pkg/log/global.go:47.32,49.3 1 0
github.com/dyaksa/warehouse/pkg/log/global.go:52.56,53.32 1 0
github.com/dyaksa/warehouse/pkg/log/global.go:53.32,55.3 1 0
github.com/dyaksa/warehouse/pkg/log/global.go:58.64,59.32 1 0
github.com/dyaksa/warehouse/pkg/log/global.go:59.32,61.3 1 0
github.com/dyaksa/warehouse/pkg/log/global.go:64.51,65.32 1 0
github.com/dyaksa/warehouse/pkg/log/global.go:65.32,67.3 1 0
github.com/dyaksa/warehouse/pkg/ratelimit/store.go:39.68,42.9 3 0
github.com/dyaksa/warehouse/pkg/ratelimit/store.go:42.9,44.3 1 0
github.com/dyaksa/warehouse/pkg/ratelimit/store.go:44.8,46.3 1 0
github.com/dyaksa/warehouse/pkg/ratelimit/store.go:47.2,47.38 1 0
github.com/dyaksa/warehouse/pkg/ratelimit/store.go:47.38,49.3 1 0
github.com/dyaksa/warehouse/pkg/ratelimit/store.go:51.2,51.32 1 0
github.com/dyaksa/warehouse/pkg/ratelimit/store.go:51.32,58.3 1 0
github.com/dyaksa/warehouse/pkg/ratelimit/store.go:60.2,60.19 1 0
github.com/dyaksa/warehouse/pkg/ratelimit/store.go:60.19,67.3 1 0
github.com/dyaksa/warehouse/pkg/ratelimit/store.go:68.2,77.3 4 0
github.com/dyaksa/warehouse/pkg/ratelimit/store.go:80.58,81.6 1 0
github.com/dyaksa/warehouse/pkg/ratelimit/store.go:81.6,82.40 1 0
github.com/dyaksa/warehouse/pkg/ratelimit/store.go:82.40,83.48 1 0
github.com/dyaksa/warehouse/pkg/ratelimit/store.go:83.48,85.5 1 0
github.com/dyaksa/warehouse/pkg/ratelimit/store.go:86.4,86.15 1 0
github.com/dyaksa/warehouse/pkg/ratelimit/store.go:88.3,88.26 1 0
github.com/dyaksa/warehouse/pkg/ratelimit/store.go:98.52,103.2 4 0
github.com/dyaksa/warehouse/pkg/hashutils/hashutils.go:5.35,8.2 2 0
github.com/dyaksa/warehouse/pkg/passwordutils/password_utils.go:5.52,8.2 2 0
github.com/dyaksa/warehouse/pkg/passwordutils/password_utils.go:11.49,14.2 2 0
github.com/dyaksa/warehouse/pkg/log/logrus/logrus.go:25.40,26.15 1 0
github.com/dyaksa/warehouse/pkg/log/logrus/logrus.go:27.15,28.25 1 0
github.com/dyaksa/warehouse/pkg/log/logrus/logrus.go:29.15,30.25 1 0
github.com/dyaksa/warehouse/pkg/log/logrus/logrus.go:31.15,32.25 1 0
github.com/dyaksa/warehouse/pkg/log/logrus/logrus.go:33.25,34.24 1 0
github.com/dyaksa/warehouse/pkg/log/logrus/logrus.go:35.14,36.24 1 0
github.com/dyaksa/warehouse/pkg/log/logrus/logrus.go:37.15,38.25 1 0
github.com/dyaksa/warehouse/pkg/log/logrus/logrus.go:39.15,40.25 1 0
github.com/dyaksa/warehouse/pkg/log/logrus/logrus.go:42.2,42.24 1 0
github.com/dyaksa/warehouse/pkg/log/logrus/logrus.go:45.33,46.38 1 0
github.com/dyaksa/warehouse/pkg/log/logrus/logrus.go:46.38,48.89 2 0
github.com/dyaksa/warehouse/pkg/log/logrus/logrus.go:48.89,50.4 1 0
github.com/dyaksa/warehouse/pkg/log/logrus/logrus.go:52.3,53.13 2 0
github.com/dyaksa/warehouse/pkg/log/logrus/logrus.go:57.31,58.38 1 0
github.com/dyaksa/warehouse/pkg/log/logrus/logrus.go:58.38,61.3 2 0
github.com/dyaksa/warehouse/pkg/log/logrus/logrus.go:64.35,65.38 1 0
github.com/dyaksa/warehouse/pkg/log/logrus/logrus.go:65.38,68.3 2 0
github.com/dyaksa/warehouse/pkg/log/logrus/logrus.go:81.47,86.27 2 0
github.com/dyaksa/warehouse/pkg/log/logrus/logrus.go:86.27,87.34 1 0
github.com/dyaksa/warehouse/pkg/log/logrus/logrus.go:87.34,89.4 1 0
github.com/dyaksa/warehouse/pkg/log/logrus/logrus.go:92.2,95.17 3 0
github.com/dyaksa/warehouse/pkg/log/logrus/logrus.go:98.68,99.25 1 0
github.com/dyaksa/warehouse/pkg/log/logrus/logrus.go:99.25,101.3 1 0
github.com/dyaksa/warehouse/pkg/log/logrus/logrus.go:103.2,103.63 1 0
github.com/dyaksa/warehouse/pkg/log/logrus/logrus.go:106.69,107.26 1 0
github.com/dyaksa/warehouse/pkg/log/logrus/logrus.go:107.26,109.3 1 0
github.com/dyaksa/warehouse/pkg/log/logrus/logrus.go:111.2,111.64 1 0
github.com/dyaksa/warehouse/pkg/log/logrus/logrus.go:114.68,115.25 1 0
github.com/dyaksa/warehouse/pkg/log/logrus/logrus.go:115.25,117.3 1 0
github.com/dyaksa/warehouse/pkg/log/logrus/logrus.go:119.2,119.63 1 0
github.com/dyaksa/warehouse/pkg/log/logrus/logrus.go:122.69,123.26 1 0
github.com/dyaksa/warehouse/pkg/log/logrus/logrus.go:123.26,125.3 1 0
github.com/dyaksa/warehouse/pkg/log/logrus/logrus.go:127.2,127.64 1 0
github.com/dyaksa/warehouse/pkg/log/logrus/logrus.go:130.69,131.26 1 0
github.com/dyaksa/warehouse/pkg/log/logrus/logrus.go:131.26,133.3 1 0
github.com/dyaksa/warehouse/pkg/log/logrus/logrus.go:135.2,135.64 1 0
github.com/dyaksa/warehouse/pkg/log/logrus/logrus.go:138.69,139.26 1 0
github.com/dyaksa/warehouse/pkg/log/logrus/logrus.go:139.26,141.3 1 0
github.com/dyaksa/warehouse/pkg/log/logrus/logrus.go:143.2,143.64 1 0
github.com/dyaksa/warehouse/pkg/log/logrus/logrus.go:146.65,151.23 2 0
github.com/dyaksa/warehouse/pkg/log/logrus/logrus.go:151.23,153.3 1 0
github.com/dyaksa/warehouse/pkg/log/logrus/logrus.go:154.2,154.12 1 0
github.com/dyaksa/warehouse/pkg/log/logrus/logrus.go:157.61,159.2 1 0
github.com/dyaksa/warehouse/pkg/log/logrus/logrus.go:161.55,163.2 1 0
github.com/dyaksa/warehouse/pkg/log/logrus/logrus.go:165.58,167.2 1 0
github.com/dyaksa/warehouse/pkg/log/logrus/logrus.go:169.59,171.2 1 0
github.com/dyaksa/warehouse/pkg/log/logrus/logrus.go:173.61,175.2 1 0
github.com/dyaksa/warehouse/pkg/log/logrus/logrus.go:177.57,179.2 1 0
github.com/dyaksa/warehouse/pkg/log/logrus/logrus.go:181.59,183.2 1 0
github.com/dyaksa/warehouse/pkg/log/logrus/logrus.go:185.60,187.2 1 0
github.com/dyaksa/warehouse/pkg/log/logrus/logrus.go:189.68,191.2 1 0
github.com/dyaksa/warehouse/pkg/log/logrus/logrus.go:193.55,195.2 1 0
github.com/dyaksa/warehouse/pkg/helper/helper.go:10.80,13.44 2 0
github.com/dyaksa/warehouse/pkg/helper/helper.go:13.44,15.22 2 0
github.com/dyaksa/warehouse/pkg/helper/helper.go:15.22,17.4 1 0
github.com/dyaksa/warehouse/pkg/helper/helper.go:20.2,20.92 1 0
github.com/dyaksa/warehouse/pkg/helper/helper.go:20.92,22.3 1 0
github.com/dyaksa/warehouse/pkg/helper/helper.go:24.2,24.22 1 0
github.com/dyaksa/warehouse/mocks/repository/idempotency_request_repository_mock.go:20.38,24.19 3 0
github.com/dyaksa/warehouse/mocks/repository/idempotency_request_repository_mock.go:24.19,24.49 1 0
github.com/dyaksa/warehouse/mocks/repository/idempotency_request_repository_mock.go:26.2,26.13 1 0
github.com/dyaksa/warehouse/mocks/repository/idempotency_request_repository_mock.go:38.97,40.2 1 0
github.com/dyaksa/warehouse/mocks/repository/idempotency_request_repository_mock.go:43.153,46.19 2 0
github.com/dyaksa/warehouse/mocks/repository/idempotency_request_repository_mock.go:46.19,47.50 1 0
github.com/dyaksa/warehouse/mocks/repository/idempotency_request_repository_mock.go:50.2,52.109 3 0
github.com/dyaksa/warehouse/mocks/repository/idempotency_request_repository_mock.go:52.109,54.3 1 0
github.com/dyaksa/warehouse/mocks/repository/idempotency_request_repository_mock.go:55.2,55.100 1 0
github.com/dyaksa/warehouse/mocks/repository/idempotency_request_repository_mock.go:55.100,57.3 1 0
github.com/dyaksa/warehouse/mocks/repository/idempotency_request_repository_mock.go:57.8,59.3 1 0
github.com/dyaksa/warehouse/mocks/repository/idempotency_request_repository_mock.go:60.2,60.101 1 0
github.com/dyaksa/warehouse/mocks/repository/idempotency_request_repository_mock.go:60.101,62.3 1 0
github.com/dyaksa/warehouse/mocks/repository/idempotency_request_repository_mock.go:62.8,64.3 1 0
github.com/dyaksa/warehouse/mocks/repository/idempotency_request_repository_mock.go:65.2,65.15 1 0
github.com/dyaksa/warehouse/mocks/repository/idempotency_request_repository_mock.go:79.208,81.2 1 0
github.com/dyaksa/warehouse/mocks/repository/idempotency_request_repository_mock.go:83.203,84.40 1 0
github.com/dyaksa/warehouse/mocks/repository/idempotency_request_repository_mock.go:84.40,86.3 1 0
github.com/dyaksa/warehouse/mocks/repository/idempotency_request_repository_mock.go:87.2,87.11 1 0
github.com/dyaksa/warehouse/mocks/repository/idempotency_request_repository_mock.go:90.137,93.2 2 0
github.com/dyaksa/warehouse/mocks/repository/idempotency_request_repository_mock.go:95.226,98.2 2 0
github.com/dyaksa/warehouse/mocks/repository/idempotency_request_repository_mock.go:101.165,104.19 2 0
github.com/dyaksa/warehouse/mocks/repository/idempotency_request_repository_mock.go:104.19,105.54 1 0
github.com/dyaksa/warehouse/mocks/repository/idempotency_request_repository_mock.go:108.2,113.129 6 0
github.com/dyaksa/warehouse/mocks/repository/idempotency_request_repository_mock.go:113.129,115.3 1 0
github.com/dyaksa/warehouse/mocks/repository/idempotency_request_repository_mock.go:116.2,116.94 1 0
github.com/dyaksa/warehouse/mocks/repository/idempotency_request_repository_mock.go:116.94,118.3 1 0
github.com/dyaksa/warehouse/mocks/repository/idempotency_request_repository_mock.go:118.8,120.3 1 0
github.com/dyaksa/warehouse/mocks/repository/idempotency_request_repository_mock.go:121.2,121.98 1 0
github.com/dyaksa/warehouse/mocks/repository/idempotency_request_repository_mock.go:121.98,123.3 1 0
github.com/dyaksa/warehouse/mocks/repository/idempotency_request_repository_mock.go:123.8,124.24 1 0
github.com/dyaksa/warehouse/mocks/repository/idempotency_request_repository_mock.go:124.24,126.4 1 0
github.com/dyaksa/warehouse/mocks/repository/idempotency_request_repository_mock.go:128.2,128.94 1 0
github.com/dyaksa/warehouse/mocks/repository/idempotency_request_repository_mock.go:128.94,130.3 1 0
github.com/dyaksa/warehouse/mocks/repository/idempotency_request_repository_mock.go:130.8,131.24 1 0
github.com/dyaksa/warehouse/mocks/repository/idempotency_request_repository_mock.go:131.24,133.4 1 0
github.com/dyaksa/warehouse/mocks/repository/idempotency_request_repository_mock.go:135.2,135.92 1 0
github.com/dyaksa/warehouse/mocks/repository/idempotency_request_repository_mock.go:135.92,137.3 1 0
github.com/dyaksa/warehouse/mocks/repository/idempotency_request_repository_mock.go:137.8,139.3 1 0
github.com/dyaksa/warehouse/mocks/repository/idempotency_request_repository_mock.go:140.2,140.93 1 0
github.com/dyaksa/warehouse/mocks/repository/idempotency_request_repository_mock.go:140.93,142.3 1 0
github.com/dyaksa/warehouse/mocks/repository/idempotency_request_repository_mock.go:142.8,144.3 1 0
github.com/dyaksa/warehouse/mocks/repository/idempotency_request_repository_mock.go:145.2,145.27 1 0
github.com/dyaksa/warehouse/mocks/repository/idempotency_request_repository_mock.go:158.191,160.2 1 0
github.com/dyaksa/warehouse/mocks/repository/idempotency_request_repository_mock.go:162.191,163.40 1 0
github.com/dyaksa/warehouse/mocks/repository/idempotency_request_repository_mock.go:163.40,165.3 1 0
github.com/dyaksa/warehouse/mocks/repository/idempotency_request_repository_mock.go:166.2,166.11 1 0
github.com/dyaksa/warehouse/mocks/repository/idempotency_request_repository_mock.go:169.207,172.2 2 0
github.com/dyaksa/warehouse/mocks/repository/idempotency_request_repository_mock.go:174.242,177.2 2 0
github.com/dyaksa/warehouse/mocks/repository/idempotency_request_repository_mock.go:180.169,183.19 2 0
github.com/dyaksa/warehouse/mocks/repository/idempotency_request_repository_mock.go:183.19,184.54 1 0
github.com/dyaksa/warehouse/mocks/repository/idempotency_request_repository_mock.go:187.2,188.112 2 0
github.com/dyaksa/warehouse/mocks/repository/idempotency_request_repository_mock.go:188.112,190.3 1 0
github.com/dyaksa/warehouse/mocks/repository/idempotency_request_repository_mock.go:190.8,192.3 1 0
github.com/dyaksa/warehouse/mocks/repository/idempotency_request_repository_mock.go:193.2,193.11 1 0
github.com/dyaksa/warehouse/mocks/repository/idempotency_request_repository_mock.go:208.238,210.2 1 0
github.com/dyaksa/warehouse/mocks/repository/idempotency_request_repository_mock.go:212.231,213.40 1 0
github.com/dyaksa/warehouse/mocks/repository/idempotency_request_repository_mock.go:213.40,215.3 1 0
github.com/dyaksa/warehouse/mocks/repository/idempotency_request_repository_mock.go:216.2,216.11 1 0
github.com/dyaksa/warehouse/mocks/repository/idempotency_request_repository_mock.go:219.133,222.2 2 0
github.com/dyaksa/warehouse/mocks/repository/idempotency_request_repository_mock.go:224.246,227.2 2 0
github.com/dyaksa/warehouse/mocks/repository/movement_repository_mock.go:20.28,24.19 3 0
github.com/dyaksa/warehouse/mocks/repository/movement_repository_mock.go:24.19,24.49 1 0
github.com/dyaksa/warehouse/mocks/repository/movement_repository_mock.go:26.2,26.13 1 0
github.com/dyaksa/warehouse/mocks/repository/movement_repository_mock.go:38.77,40.2 1 0
github.com/dyaksa/warehouse/mocks/repository/movement_repository_mock.go:43.182,46.19 2 0
github.com/dyaksa/warehouse/mocks/repository/movement_repository_mock.go:46.19,47.48 1 0
github.com/dyaksa/warehouse/mocks/repository/movement_repository_mock.go:50.2,51.131 2 0
github.com/dyaksa/warehouse/mocks/repository/movement_repository_mock.go:51.131,53.3 1 0
github.com/dyaksa/warehouse/mocks/repository/movement_repository_mock.go:53.8,55.3 1 0
github.com/dyaksa/warehouse/mocks/repository/movement_repository_mock.go:56.2,56.11 1 0
github.com/dyaksa/warehouse/mocks/repository/movement_repository_mock.go:73.242,75.2 1 0
github.com/dyaksa/warehouse/mocks/repository/movement_repository_mock.go:77.228,78.40 1 0
github.com/dyaksa/warehouse/mocks/repository/movement_repository_mock.go:78.40,80.3 1 0
github.com/dyaksa/warehouse/mocks/repository/movement_repository_mock.go:81.2,81.11 1 0
github.com/dyaksa/warehouse/mocks/repository/movement_repository_mock.go:84.101,87.2 2 0
github.com/dyaksa/warehouse/mocks/repository/movement_repository_mock.go:89.243,92.2 2 0
github.com/dyaksa/warehouse/mocks/repository/order_item_repository_mock.go:20.29,24.19 3 0
github.com/dyaksa/warehouse/mocks/repository/order_item_repository_mock.go:24.19,24.49 1 0
github.com/dyaksa/warehouse/mocks/repository/order_item_repository_mock.go:26.2,26.13 1 0
github.com/dyaksa/warehouse/mocks/repository/order_item_repository_mock.go:38.79,40.2 1 0
github.com/dyaksa/warehouse/mocks/repository/order_item_repository_mock.go:43.115,46.19 2 0
github.com/dyaksa/warehouse/mocks/repository/order_item_repository_mock.go:46.19,47.52 1 0
github.com/dyaksa/warehouse/mocks/repository/order_item_repository_mock.go:50.2,51.97 2 0
github.com/dyaksa/warehouse/mocks/repository/order_item_repository_mock.go:51.97,53.3 1 0
github.com/dyaksa/warehouse/mocks/repository/order_item_repository_mock.go:53.8,55.3 1 0
github.com/dyaksa/warehouse/mocks/repository/order_item_repository_mock.go:56.2,56.11 1 0
github.com/dyaksa/warehouse/mocks/repository/order_item_repository_mock.go:68.149,70.2 1 0
github.com/dyaksa/warehouse/mocks/repository/order_item_repository_mock.go:72.166,73.40 1 0
github.com/dyaksa/warehouse/mocks/repository/order_item_repository_mock.go:73.40,75.3 1 0
github.com/dyaksa/warehouse/mocks/repository/order_item_repository_mock.go:76.2,76.11 1 0
github.com/dyaksa/warehouse/mocks/repository/order_item_repository_mock.go:79.111,82.2 2 0
github.com/dyaksa/warehouse/mocks/repository/order_item_repository_mock.go:84.181,87.2 2 0
github.com/dyaksa/warehouse/mocks/repository/order_repository_mock.go:21.25,25.19 3 0
github.com/dyaksa/warehouse/mocks/repository/order_repository_mock.go:25.19,25.49 1 0
github.com/dyaksa/warehouse/mocks/repository/order_repository_mock.go:27.2,27.13 1 0
github.com/dyaksa/warehouse/mocks/repository/order_repository_mock.go:39.71,41.2 1 0
github.com/dyaksa/warehouse/mocks/repository/order_repository_mock.go:44.98,47.19 2 0
github.com/dyaksa/warehouse/mocks/repository/order_repository_mock.go:47.19,48.48 1 0
github.com/dyaksa/warehouse/mocks/repository/order_repository_mock.go:51.2,52.92 2 0
github.com/dyaksa/warehouse/mocks/repository/order_repository_mock.go:52.92,54.3 1 0
github.com/dyaksa/warehouse/mocks/repository/order_repository_mock.go:54.8,56.3 1 0
github.com/dyaksa/warehouse/mocks/repository/order_repository_mock.go:57.2,57.11 1 0
github.com/dyaksa/warehouse/mocks/repository/order_repository_mock.go:69.129,71.2 1 0
github.com/dyaksa/warehouse/mocks/repository/order_repository_mock.go:73.141,74.40 1 0
github.com/dyaksa/warehouse/mocks/repository/order_repository_mock.go:74.40,76.3 1 0
github.com/dyaksa/warehouse/mocks/repository/order_repository_mock.go:77.2,77.11 1 0
github.com/dyaksa/warehouse/mocks/repository/order_repository_mock.go:80.95,83.2 2 0
github.com/dyaksa/warehouse/mocks/repository/order_repository_mock.go:85.156,88.2 2 0
github.com/dyaksa/warehouse/mocks/repository/order_repository_mock.go:91.106,94.19 2 0
github.com/dyaksa/warehouse/mocks/repository/order_repository_mock.go:94.19,95.49 1 0
github.com/dyaksa/warehouse/mocks/repository/order_repository_mock.go:98.2,100.96 3 0
github.com/dyaksa/warehouse/mocks/repository/order_repository_mock.go:100.96,102.3 1 0
github.com/dyaksa/warehouse/mocks/repository/order_repository_mock.go:103.2,103.87 1 0
github.com/dyaksa/warehouse/mocks/repository/order_repository_mock.go:103.87,105.3 1 0
github.com/dyaksa/warehouse/mocks/repository/order_repository_mock.go:105.8,106.24 1 0
github.com/dyaksa/warehouse/mocks/repository/order_repository_mock.go:106.24,108.4 1 0
github.com/dyaksa/warehouse/mocks/repository/order_repository_mock.go:110.2,110.79 1 0
github.com/dyaksa/warehouse/mocks/repository/order_repository_mock.go:110.79,112.3 1 0
github.com/dyaksa/warehouse/mocks/repository/order_repository_mock.go:112.8,114.3 1 0
github.com/dyaksa/warehouse/mocks/repository/order_repository_mock.go:115.2,115.15 1 0
github.com/dyaksa/warehouse/mocks/repository/order_repository_mock.go:126.121,128.2 1 0
github.com/dyaksa/warehouse/mocks/repository/order_repository_mock.go:130.133,131.40 1 0
github.com/dyaksa/warehouse/mocks/repository/order_repository_mock.go:131.40,133.3 1 0
github.com/dyaksa/warehouse/mocks/repository/order_repository_mock.go:134.2,134.11 1 0
github.com/dyaksa/warehouse/mocks/repository/order_repository_mock.go:137.118,140.2 2 0
github.com/dyaksa/warehouse/mocks/repository/order_repository_mock.go:142.165,145.2 2 0
github.com/dyaksa/warehouse/mocks/repository/order_repository_mock.go:148.146,151.19 2 0
github.com/dyaksa/warehouse/mocks/repository/order_repository_mock.go:151.19,152.53 1 0
github.com/dyaksa/warehouse/mocks/repository/order_repository_mock.go:155.2,158.120 4 0
github.com/dyaksa/warehouse/mocks/repository/order_repository_mock.go:158.120,160.3 1 0
github.com/dyaksa/warehouse/mocks/repository/order_repository_mock.go:161.2,161.106 1 0
github.com/dyaksa/warehouse/mocks/repository/order_repository_mock.go:161.106,163.3 1 0
github.com/dyaksa/warehouse/mocks/repository/order_repository_mock.go:163.8,164.24 1 0
github.com/dyaksa/warehouse/mocks/repository/order_repository_mock.go:164.24,166.4 1 0
github.com/dyaksa/warehouse/mocks/repository/order_repository_mock.go:168.2,168.87 1 0
github.com/dyaksa/warehouse/mocks/repository/order_repository_mock.go:168.87,170.3 1 0
github.com/dyaksa/warehouse/mocks/repository/order_repository_mock.go:170.8,172.3 1 0
github.com/dyaksa/warehouse/mocks/repository/order_repository_mock.go:173.2,173.89 1 0
github.com/dyaksa/warehouse/mocks/repository/order_repository_mock.go:173.89,175.3 1 0
github.com/dyaksa/warehouse/mocks/repository/order_repository_mock.go:175.8,177.3 1 0
github.com/dyaksa/warehouse/mocks/repository/order_repository_mock.go:178.2,178.19 1 0
github.com/dyaksa/warehouse/mocks/repository/order_repository_mock.go:191.167,193.2 1 0
github.com/dyaksa/warehouse/mocks/repository/order_repository_mock.go:195.163,196.40 1 0
github.com/dyaksa/warehouse/mocks/repository/order_repository_mock.go:196.40,198.3 1 0
github.com/dyaksa/warehouse/mocks/repository/order_repository_mock.go:199.2,199.11 1 0
github.com/dyaksa/warehouse/mocks/repository/order_repository_mock.go:202.151,205.2 2 0
github.com/dyaksa/warehouse/mocks/repository/order_repository_mock.go:207.209,210.2 2 0
github.com/dyaksa/warehouse/mocks/repository/order_repository_mock.go:213.121,216.19 2 0
github.com/dyaksa/warehouse/mocks/repository/order_repository_mock.go:216.19,217.54 1 0
github.com/dyaksa/warehouse/mocks/repository/order_repository_mock.go:220.2,221.99 2 0
github.com/dyaksa/warehouse/mocks/repository/order_repository_mock.go:221.99,223.3 1 0
github.com/dyaksa/warehouse/mocks/repository/order_repository_mock.go:223.8,225.3 1 0
github.com/dyaksa/warehouse/mocks/repository/order_repository_mock.go:226.2,226.11 1 0
github.com/dyaksa/warehouse/mocks/repository/order_repository_mock.go:238.151,240.2 1 0
github.com/dyaksa/warehouse/mocks/repository/order_repository_mock.go:242.170,243.40 1 0
github.com/dyaksa/warehouse/mocks/repository/order_repository_mock.go:243.40,245.3 1 0
github.com/dyaksa/warehouse/mocks/repository/order_repository_mock.go:246.2,246.11 1 0
github.com/dyaksa/warehouse/mocks/repository/order_repository_mock.go:249.107,252.2 2 0
github.com/dyaksa/warehouse/mocks/repository/order_repository_mock.go:254.185,257.2 2 0
github.com/dyaksa/warehouse/mocks/repository/product_repository_mock.go:20.27,24.19 3 0
github.com/dyaksa/warehouse/mocks/repository/product_repository_mock.go:24.19,24.49 1 0
github.com/dyaksa/warehouse/mocks/repository/product_repository_mock.go:26.2,26.13 1 0
github.com/dyaksa/warehouse/mocks/repository/product_repository_mock.go:38.75,40.2 1 0
github.com/dyaksa/warehouse/mocks/repository/product_repository_mock.go:43.109,46.19 2 0
github.com/dyaksa/warehouse/mocks/repository/product_repository_mock.go:46.19,47.48 1 0
github.com/dyaksa/warehouse/mocks/repository/product_repository_mock.go:50.2,52.98 3 0
github.com/dyaksa/warehouse/mocks/repository/product_repository_mock.go:52.98,54.3 1 0
github.com/dyaksa/warehouse/mocks/repository/product_repository_mock.go:55.2,55.89 1 0
github.com/dyaksa/warehouse/mocks/repository/product_repository_mock.go:55.89,57.3 1 0
github.com/dyaksa/warehouse/mocks/repository/product_repository_mock.go:57.8,58.24 1 0
github.com/dyaksa/warehouse/mocks/repository/product_repository_mock.go:58.24,60.4 1 0
github.com/dyaksa/warehouse/mocks/repository/product_repository_mock.go:62.2,62.85 1 0
github.com/dyaksa/warehouse/mocks/repository/product_repository_mock.go:62.85,64.3 1 0
github.com/dyaksa/warehouse/mocks/repository/product_repository_mock.go:64.8,66.3 1 0
github.com/dyaksa/warehouse/mocks/repository/product_repository_mock.go:67.2,67.15 1 0
github.com/dyaksa/warehouse/mocks/repository/product_repository_mock.go:78.123,80.2 1 0
github.com/dyaksa/warehouse/mocks/repository/product_repository_mock.go:82.141,83.40 1 0
github.com/dyaksa/warehouse/mocks/repository/product_repository_mock.go:83.40,85.3 1 0
github.com/dyaksa/warehouse/mocks/repository/product_repository_mock.go:86.2,86.11 1 0
github.com/dyaksa/warehouse/mocks/repository/product_repository_mock.go:89.115,92.2 2 0
github.com/dyaksa/warehouse/mocks/repository/product_repository_mock.go:94.169,97.2 2 0
github.com/dyaksa/warehouse/mocks/repository/product_repository_mock.go:100.127,103.19 2 0
github.com/dyaksa/warehouse/mocks/repository/product_repository_mock.go:103.19,104.53 1 0
github.com/dyaksa/warehouse/mocks/repository/product_repository_mock.go:107.2,109.106 3 0
github.com/dyaksa/warehouse/mocks/repository/product_repository_mock.go:109.106,111.3 1 0
github.com/dyaksa/warehouse/mocks/repository/product_repository_mock.go:112.2,112.97 1 0
github.com/dyaksa/warehouse/mocks/repository/product_repository_mock.go:112.97,114.3 1 0
github.com/dyaksa/warehouse/mocks/repository/product_repository_mock.go:114.8,115.24 1 0
github.com/dyaksa/warehouse/mocks/repository/product_repository_mock.go:115.24,117.4 1 0
github.com/dyaksa/warehouse/mocks/repository/product_repository_mock.go:119.2,119.78 1 0
github.com/dyaksa/warehouse/mocks/repository/product_repository_mock.go:119.78,121.3 1 0
github.com/dyaksa/warehouse/mocks/repository/product_repository_mock.go:121.8,123.3 1 0
github.com/dyaksa/warehouse/mocks/repository/product_repository_mock.go:124.2,124.15 1 0
github.com/dyaksa/warehouse/mocks/repository/product_repository_mock.go:136.151,138.2 1 0
github.com/dyaksa/warehouse/mocks/repository/product_repository_mock.go:140.149,141.40 1 0
github.com/dyaksa/warehouse/mocks/repository/product_repository_mock.go:141.40,143.3 1 0
github.com/dyaksa/warehouse/mocks/repository/product_repository_mock.go:144.2,144.11 1 0
github.com/dyaksa/warehouse/mocks/repository/product_repository_mock.go:147.152,150.2 2 0
github.com/dyaksa/warehouse/mocks/repository/product_repository_mock.go:152.192,155.2 2 0
github.com/dyaksa/warehouse/mocks/repository/product_stock_repository_mock.go:21.32,25.19 3 0
github.com/dyaksa/warehouse/mocks/repository/product_stock_repository_mock.go:25.19,25.49 1 0
github.com/dyaksa/warehouse/mocks/repository/product_stock_repository_mock.go:27.2,27.13 1 0
github.com/dyaksa/warehouse/mocks/repository/product_stock_repository_mock.go:39.85,41.2 1 0
github.com/dyaksa/warehouse/mocks/repository/product_stock_repository_mock.go:44.150,47.19 2 0
github.com/dyaksa/warehouse/mocks/repository/product_stock_repository_mock.go:47.19,48.50 1 0
github.com/dyaksa/warehouse/mocks/repository/product_stock_repository_mock.go:51.2,52.106 2 0
github.com/dyaksa/warehouse/mocks/repository/product_stock_repository_mock.go:52.106,54.3 1 0
github.com/dyaksa/warehouse/mocks/repository/product_stock_repository_mock.go:54.8,56.3 1 0
github.com/dyaksa/warehouse/mocks/repository/product_stock_repository_mock.go:57.2,57.11 1 0
github.com/dyaksa/warehouse/mocks/repository/product_stock_repository_mock.go:71.202,73.2 1 0
github.com/dyaksa/warehouse/mocks/repository/product_stock_repository_mock.go:75.202,76.40 1 0
github.com/dyaksa/warehouse/mocks/repository/product_stock_repository_mock.go:76.40,78.3 1 0
github.com/dyaksa/warehouse/mocks/repository/product_stock_repository_mock.go:79.2,79.11 1 0
github.com/dyaksa/warehouse/mocks/repository/product_stock_repository_mock.go:82.113,85.2 2 0
github.com/dyaksa/warehouse/mocks/repository/product_stock_repository_mock.go:87.217,90.2 2 0
github.com/dyaksa/warehouse/mocks/repository/product_stock_repository_mock.go:93.153,96.19 2 0
github.com/dyaksa/warehouse/mocks/repository/product_stock_repository_mock.go:96.19,97.53 1 0
github.com/dyaksa/warehouse/mocks/repository/product_stock_repository_mock.go:100.2,101.106 2 0
github.com/dyaksa/warehouse/mocks/repository/product_stock_repository_mock.go:101.106,103.3 1 0
github.com/dyaksa/warehouse/mocks/repository/product_stock_repository_mock.go:103.8,105.3 1 0
github.com/dyaksa/warehouse/mocks/repository/product_stock_repository_mock.go:106.2,106.11 1 0
github.com/dyaksa/warehouse/mocks/repository/product_stock_repository_mock.go:120.208,122.2 1 0
github.com/dyaksa/warehouse/mocks/repository/product_stock_repository_mock.go:124.208,125.40 1 0
github.com/dyaksa/warehouse/mocks/repository/product_stock_repository_mock.go:125.40,127.3 1 0
github.com/dyaksa/warehouse/mocks/repository/product_stock_repository_mock.go:128.2,128.11 1 0
github.com/dyaksa/warehouse/mocks/repository/product_stock_repository_mock.go:131.119,134.2 2 0
github.com/dyaksa/warehouse/mocks/repository/product_stock_repository_mock.go:136.223,139.2 2 0
github.com/dyaksa/warehouse/mocks/repository/product_stock_repository_mock.go:142.124,145.19 2 0
github.com/dyaksa/warehouse/mocks/repository/product_stock_repository_mock.go:145.19,146.48 1 0
github.com/dyaksa/warehouse/mocks/repository/product_stock_repository_mock.go:149.2,151.103 3 0
github.com/dyaksa/warehouse/mocks/repository/product_stock_repository_mock.go:151.103,153.3 1 0
github.com/dyaksa/warehouse/mocks/repository/product_stock_repository_mock.go:154.2,154.94 1 0
github.com/dyaksa/warehouse/mocks/repository/product_stock_repository_mock.go:154.94,156.3 1 0
github.com/dyaksa/warehouse/mocks/repository/product_stock_repository_mock.go:156.8,157.24 1 0
github.com/dyaksa/warehouse/mocks/repository/product_stock_repository_mock.go:157.24,159.4 1 0
github.com/dyaksa/warehouse/mocks/repository/product_stock_repository_mock.go:161.2,161.90 1 0
github.com/dyaksa/warehouse/mocks/repository/product_stock_repository_mock.go:161.90,163.3 1 0
github.com/dyaksa/warehouse/mocks/repository/product_stock_repository_mock.go:163.8,165.3 1 0
github.com/dyaksa/warehouse/mocks/repository/product_stock_repository_mock.go:166.2,166.15 1 0
github.com/dyaksa/warehouse/mocks/repository/product_stock_repository_mock.go:177.138,179.2 1 0
github.com/dyaksa/warehouse/mocks/repository/product_stock_repository_mock.go:181.161,182.40 1 0
github.com/dyaksa/warehouse/mocks/repository/product_stock_repository_mock.go:182.40,184.3 1 0
github.com/dyaksa/warehouse/mocks/repository/product_stock_repository_mock.go:185.2,185.11 1 0
github.com/dyaksa/warehouse/mocks/repository/product_stock_repository_mock.go:188.125,191.2 2 0
github.com/dyaksa/warehouse/mocks/repository/product_stock_repository_mock.go:193.189,196.2 2 0
github.com/dyaksa/warehouse/mocks/repository/product_stock_repository_mock.go:199.154,202.19 2 0
github.com/dyaksa/warehouse/mocks/repository/product_stock_repository_mock.go:202.19,203.54 1 0
github.com/dyaksa/warehouse/mocks/repository/product_stock_repository_mock.go:206.2,207.106 2 0
github.com/dyaksa/warehouse/mocks/repository/product_stock_repository_mock.go:207.106,209.3 1 0
github.com/dyaksa/warehouse/mocks/repository/product_stock_repository_mock.go:209.8,211.3 1 0
github.com/dyaksa/warehouse/mocks/repository/product_stock_repository_mock.go:212.2,212.11 1 0
github.com/dyaksa/warehouse/mocks/repository/product_stock_repository_mock.go:226.210,228.2 1 0
github.com/dyaksa/warehouse/mocks/repository/product_stock_repository_mock.go:230.210,231.40 1 0
github.com/dyaksa/warehouse/mocks/repository/product_stock_repository_mock.go:231.40,233.3 1 0
github.com/dyaksa/warehouse/mocks/repository/product_stock_repository_mock.go:234.2,234.11 1 0
github.com/dyaksa/warehouse/mocks/repository/product_stock_repository_mock.go:237.121,240.2 2 0
github.com/dyaksa/warehouse/mocks/repository/product_stock_repository_mock.go:242.225,245.2 2 0
github.com/dyaksa/warehouse/mocks/repository/product_stock_repository_mock.go:248.165,251.19 2 0
github.com/dyaksa/warehouse/mocks/repository/product_stock_repository_mock.go:251.19,252.57 1 0
github.com/dyaksa/warehouse/mocks/repository/product_stock_repository_mock.go:255.2,257.114 3 0
github.com/dyaksa/warehouse/mocks/repository/product_stock_repository_mock.go:257.114,259.3 1 0
github.com/dyaksa/warehouse/mocks/repository/product_stock_repository_mock.go:260.2,260.105 1 0
github.com/dyaksa/warehouse/mocks/repository/product_stock_repository_mock.go:260.105,262.3 1 0
github.com/dyaksa/warehouse/mocks/repository/product_stock_repository_mock.go:262.8,264.3 1 0
github.com/dyaksa/warehouse/mocks/repository/product_stock_repository_mock.go:265.2,265.106 1 0
github.com/dyaksa/warehouse/mocks/repository/product_stock_repository_mock.go:265.106,267.3 1 0
github.com/dyaksa/warehouse/mocks/repository/product_stock_repository_mock.go:267.8,269.3 1 0
github.com/dyaksa/warehouse/mocks/repository/product_stock_repository_mock.go:270.2,270.15 1 0
github.com/dyaksa/warehouse/mocks/repository/product_stock_repository_mock.go:284.216,286.2 1 0
github.com/dyaksa/warehouse/mocks/repository/product_stock_repository_mock.go:288.216,289.40 1 0
github.com/dyaksa/warehouse/mocks/repository/product_stock_repository_mock.go:289.40,291.3 1 0
github.com/dyaksa/warehouse/mocks/repository/product_stock_repository_mock.go:292.2,292.11 1 0
github.com/dyaksa/warehouse/mocks/repository/product_stock_repository_mock.go:295.135,298.2 2 0
github.com/dyaksa/warehouse/mocks/repository/product_stock_repository_mock.go:300.239,303.2 2 0
github.com/dyaksa/warehouse/mocks/repository/reservation_repository_mock.go:21.31,25.19 3 0
github.com/dyaksa/warehouse/mocks/repository/reservation_repository_mock.go:25.19,25.49 1 0
github.com/dyaksa/warehouse/mocks/repository/reservation_repository_mock.go:27.2,27.13 1 0
github.com/dyaksa/warehouse/mocks/repository/reservation_repository_mock.go:39.83,41.2 1 0
github.com/dyaksa/warehouse/mocks/repository/reservation_repository_mock.go:44.126,47.19 2 0
github.com/dyaksa/warehouse/mocks/repository/reservation_repository_mock.go:47.19,48.52 1 0
github.com/dyaksa/warehouse/mocks/repository/reservation_repository_mock.go:51.2,52.99 2 0
github.com/dyaksa/warehouse/mocks/repository/reservation_repository_mock.go:52.99,54.3 1 0
github.com/dyaksa/warehouse/mocks/repository/reservation_repository_mock.go:54.8,56.3 1 0
github.com/dyaksa/warehouse/mocks/repository/reservation_repository_mock.go:57.2,57.11 1 0
github.com/dyaksa/warehouse/mocks/repository/reservation_repository_mock.go:69.160,71.2 1 0
github.com/dyaksa/warehouse/mocks/repository/reservation_repository_mock.go:73.179,74.40 1 0
github.com/dyaksa/warehouse/mocks/repository/reservation_repository_mock.go:74.40,76.3 1 0
github.com/dyaksa/warehouse/mocks/repository/reservation_repository_mock.go:77.2,77.11 1 0
github.com/dyaksa/warehouse/mocks/repository/reservation_repository_mock.go:80.115,83.2 2 0
github.com/dyaksa/warehouse/mocks/repository/reservation_repository_mock.go:85.194,88.2 2 0
github.com/dyaksa/warehouse/mocks/repository/reservation_repository_mock.go:91.136,94.19 2 0
github.com/dyaksa/warehouse/mocks/repository/reservation_repository_mock.go:94.19,95.54 1 0
github.com/dyaksa/warehouse/mocks/repository/reservation_repository_mock.go:98.2,100.112 3 0
github.com/dyaksa/warehouse/mocks/repository/reservation_repository_mock.go:100.112,102.3 1 0
github.com/dyaksa/warehouse/mocks/repository/reservation_repository_mock.go:103.2,103.103 1 0
github.com/dyaksa/warehouse/mocks/repository/reservation_repository_mock.go:103.103,105.3 1 0
github.com/dyaksa/warehouse/mocks/repository/reservation_repository_mock.go:105.8,106.24 1 0
github.com/dyaksa/warehouse/mocks/repository/reservation_repository_mock.go:106.24,108.4 1 0
github.com/dyaksa/warehouse/mocks/repository/reservation_repository_mock.go:110.2,110.88 1 0
github.com/dyaksa/warehouse/mocks/repository/reservation_repository_mock.go:110.88,112.3 1 0
github.com/dyaksa/warehouse/mocks/repository/reservation_repository_mock.go:112.8,114.3 1 0
github.com/dyaksa/warehouse/mocks/repository/reservation_repository_mock.go:115.2,115.15 1 0
github.com/dyaksa/warehouse/mocks/repository/reservation_repository_mock.go:127.159,129.2 1 0
github.com/dyaksa/warehouse/mocks/repository/reservation_repository_mock.go:131.167,132.40 1 0
github.com/dyaksa/warehouse/mocks/repository/reservation_repository_mock.go:132.40,134.3 1 0
github.com/dyaksa/warehouse/mocks/repository/reservation_repository_mock.go:135.2,135.11 1 0
github.com/dyaksa/warehouse/mocks/repository/reservation_repository_mock.go:138.154,141.2 2 0
github.com/dyaksa/warehouse/mocks/repository/reservation_repository_mock.go:143.206,146.2 2 0
github.com/dyaksa/warehouse/mocks/repository/reservation_repository_mock.go:149.113,152.19 2 0
github.com/dyaksa/warehouse/mocks/repository/reservation_repository_mock.go:152.19,153.55 1 0
github.com/dyaksa/warehouse/mocks/repository/reservation_repository_mock.go:156.2,157.88 2 0
github.com/dyaksa/warehouse/mocks/repository/reservation_repository_mock.go:157.88,159.3 1 0
github.com/dyaksa/warehouse/mocks/repository/reservation_repository_mock.go:159.8,161.3 1 0
github.com/dyaksa/warehouse/mocks/repository/reservation_repository_mock.go:162.2,162.11 1 0
github.com/dyaksa/warehouse/mocks/repository/reservation_repository_mock.go:174.161,176.2 1 0
github.com/dyaksa/warehouse/mocks/repository/reservation_repository_mock.go:178.169,179.40 1 0
github.com/dyaksa/warehouse/mocks/repository/reservation_repository_mock.go:179.40,181.3 1 0
github.com/dyaksa/warehouse/mocks/repository/reservation_repository_mock.go:182.2,182.11 1 0
github.com/dyaksa/warehouse/mocks/repository/reservation_repository_mock.go:185.121,188.2 2 0
github.com/dyaksa/warehouse/mocks/repository/reservation_repository_mock.go:190.184,193.2 2 0
github.com/dyaksa/warehouse/mocks/repository/reservation_repository_mock.go:196.106,199.19 2 0
github.com/dyaksa/warehouse/mocks/repository/reservation_repository_mock.go:199.19,200.53 1 0
github.com/dyaksa/warehouse/mocks/repository/reservation_repository_mock.go:203.2,204.88 2 0
github.com/dyaksa/warehouse/mocks/repository/reservation_repository_mock.go:204.88,206.3 1 0
github.com/dyaksa/warehouse/mocks/repository/reservation_repository_mock.go:206.8,208.3 1 0
github.com/dyaksa/warehouse/mocks/repository/reservation_repository_mock.go:209.2,209.11 1 0
github.com/dyaksa/warehouse/mocks/repository/reservation_repository_mock.go:221.152,223.2 1 0
github.com/dyaksa/warehouse/mocks/repository/reservation_repository_mock.go:225.160,226.40 1 0
github.com/dyaksa/warehouse/mocks/repository/reservation_repository_mock.go:226.40,228.3 1 0
github.com/dyaksa/warehouse/mocks/repository/reservation_repository_mock.go:229.2,229.11 1 0
github.com/dyaksa/warehouse/mocks/repository/reservation_repository_mock.go:232.117,235.2 2 0
github.com/dyaksa/warehouse/mocks/repository/reservation_repository_mock.go:237.175,240.2 2 0
github.com/dyaksa/warehouse/mocks/repository/reservation_repository_mock.go:243.112,246.19 2 0
github.com/dyaksa/warehouse/mocks/repository/reservation_repository_mock.go:246.19,247.54 1 0
github.com/dyaksa/warehouse/mocks/repository/reservation_repository_mock.go:250.2,251.88 2 0
github.com/dyaksa/warehouse/mocks/repository/reservation_repository_mock.go:251.88,253.3 1 0
github.com/dyaksa/warehouse/mocks/repository/reservation_repository_mock.go:253.8,255.3 1 0
github.com/dyaksa/warehouse/mocks/repository/reservation_repository_mock.go:256.2,256.11 1 0
github.com/dyaksa/warehouse/mocks/repository/reservation_repository_mock.go:268.159,270.2 1 0
github.com/dyaksa/warehouse/mocks/repository/reservation_repository_mock.go:272.167,273.40 1 0
github.com/dyaksa/warehouse/mocks/repository/reservation_repository_mock.go:273.40,275.3 1 0
github.com/dyaksa/warehouse/mocks/repository/reservation_repository_mock.go:276.2,276.11 1 0
github.com/dyaksa/warehouse/mocks/repository/reservation_repository_mock.go:279.119,282.2 2 0
github.com/dyaksa/warehouse/mocks/repository/reservation_repository_mock.go:284.182,287.2 2 0
github.com/dyaksa/warehouse/mocks/repository/reservation_repository_mock.go:290.126,293.19 2 0
github.com/dyaksa/warehouse/mocks/repository/reservation_repository_mock.go:293.19,294.61 1 0
github.com/dyaksa/warehouse/mocks/repository/reservation_repository_mock.go:297.2,299.95 3 0
github.com/dyaksa/warehouse/mocks/repository/reservation_repository_mock.go:299.95,301.3 1 0
github.com/dyaksa/warehouse/mocks/repository/reservation_repository_mock.go:302.2,302.86 1 0
github.com/dyaksa/warehouse/mocks/repository/reservation_repository_mock.go:302.86,304.3 1 0
github.com/dyaksa/warehouse/mocks/repository/reservation_repository_mock.go:304.8,306.3 1 0
github.com/dyaksa/warehouse/mocks/repository/reservation_repository_mock.go:307.2,307.88 1 0
github.com/dyaksa/warehouse/mocks/repository/reservation_repository_mock.go:307.88,309.3 1 0
github.com/dyaksa/warehouse/mocks/repository/reservation_repository_mock.go:309.8,311.3 1 0
[...]
github.com/dyaksa/warehouse/usecase/auth_usecase.go:74.22,80.2 1 1
github.com/dyaksa/warehouse/usecase/order_usecase.go:27.114,28.27 1 1
github.com/dyaksa/warehouse/usecase/order_usecase.go:28.27,30.3 1 1
github.com/dyaksa/warehouse/usecase/order_usecase.go:33.2,33.34 1 1
github.com/dyaksa/warehouse/usecase/order_usecase.go:33.34,35.3 1 1
github.com/dyaksa/warehouse/usecase/order_usecase.go:35.8,35.38 1 0
github.com/dyaksa/warehouse/usecase/order_usecase.go:35.38,37.3 1 0
github.com/dyaksa/warehouse/usecase/order_usecase.go:39.2,41.85 2 1
github.com/dyaksa/warehouse/usecase/order_usecase.go:41.85,42.26 1 1
github.com/dyaksa/warehouse/usecase/order_usecase.go:42.26,44.18 2 1
github.com/dyaksa/warehouse/usecase/order_usecase.go:44.18,46.5 1 0
github.com/dyaksa/warehouse/usecase/order_usecase.go:48.4,48.14 1 1
github.com/dyaksa/warehouse/usecase/order_usecase.go:48.14,50.19 2 0
github.com/dyaksa/warehouse/usecase/order_usecase.go:50.19,52.6 1 0
github.com/dyaksa/warehouse/usecase/order_usecase.go:54.5,54.16 1 0
github.com/dyaksa/warehouse/usecase/order_usecase.go:54.16,56.6 1 0
github.com/dyaksa/warehouse/usecase/order_usecase.go:58.5,58.41 1 0
github.com/dyaksa/warehouse/usecase/order_usecase.go:58.41,60.6 1 0
github.com/dyaksa/warehouse/usecase/order_usecase.go:62.5,62.48 1 0
github.com/dyaksa/warehouse/usecase/order_usecase.go:62.48,64.70 2 0
github.com/dyaksa/warehouse/usecase/order_usecase.go:64.70,66.7 1 0
github.com/dyaksa/warehouse/usecase/order_usecase.go:67.6,68.21 2 0
github.com/dyaksa/warehouse/usecase/order_usecase.go:73.3,74.17 2 1
github.com/dyaksa/warehouse/usecase/order_usecase.go:74.17,76.4 1 0
github.com/dyaksa/warehouse/usecase/order_usecase.go:78.3,79.17 2 1
github.com/dyaksa/warehouse/usecase/order_usecase.go:79.17,81.4 1 0
github.com/dyaksa/warehouse/usecase/order_usecase.go:83.3,86.36 3 1
github.com/dyaksa/warehouse/usecase/order_usecase.go:86.36,87.21 1 1
github.com/dyaksa/warehouse/usecase/order_usecase.go:87.21,89.5 1 0
github.com/dyaksa/warehouse/usecase/order_usecase.go:90.4,90.23 1 1
github.com/dyaksa/warehouse/usecase/order_usecase.go:90.23,92.5 1 0
github.com/dyaksa/warehouse/usecase/order_usecase.go:94.4,95.18 2 1
github.com/dyaksa/warehouse/usecase/order_usecase.go:95.18,97.5 1 0
github.com/dyaksa/warehouse/usecase/order_usecase.go:99.4,99.42 1 1
github.com/dyaksa/warehouse/usecase/order_usecase.go:99.42,101.5 1 0
github.com/dyaksa/warehouse/usecase/order_usecase.go:102.4,105.18 3 1
github.com/dyaksa/warehouse/usecase/order_usecase.go:105.18,106.45 1 0
github.com/dyaksa/warehouse/usecase/order_usecase.go:106.45,108.6 1 0
github.com/dyaksa/warehouse/usecase/order_usecase.go:109.5,109.20 1 0
github.com/dyaksa/warehouse/usecase/order_usecase.go:112.4,112.41 1 1
github.com/dyaksa/warehouse/usecase/order_usecase.go:116.3,125.59 2 1
github.com/dyaksa/warehouse/usecase/order_usecase.go:125.59,127.4 1 0
github.com/dyaksa/warehouse/usecase/order_usecase.go:129.3,130.36 2 1
github.com/dyaksa/warehouse/usecase/order_usecase.go:130.36,141.4 3 1
github.com/dyaksa/warehouse/usecase/order_usecase.go:143.3,143.72 1 1
github.com/dyaksa/warehouse/usecase/order_usecase.go:143.72,145.4 1 0
github.com/dyaksa/warehouse/usecase/order_usecase.go:147.3,150.36 3 1
github.com/dyaksa/warehouse/usecase/order_usecase.go:150.36,154.18 3 1
github.com/dyaksa/warehouse/usecase/order_usecase.go:154.18,156.5 1 0
github.com/dyaksa/warehouse/usecase/order_usecase.go:158.4,159.18 2 1
github.com/dyaksa/warehouse/usecase/order_usecase.go:159.18,161.5 1 0
github.com/dyaksa/warehouse/usecase/order_usecase.go:163.4,163.22 1 1
github.com/dyaksa/warehouse/usecase/order_usecase.go:163.22,165.5 1 0
github.com/dyaksa/warehouse/usecase/order_usecase.go:167.4,178.135 3 1
github.com/dyaksa/warehouse/usecase/order_usecase.go:178.135,180.5 1 0
github.com/dyaksa/warehouse/usecase/order_usecase.go:183.3,183.76 1 1
github.com/dyaksa/warehouse/usecase/order_usecase.go:183.76,185.4 1 0
github.com/dyaksa/warehouse/usecase/order_usecase.go:187.3,194.26 6 1
github.com/dyaksa/warehouse/usecase/order_usecase.go:194.26,196.18 2 1
github.com/dyaksa/warehouse/usecase/order_usecase.go:196.18,198.5 1 0
github.com/dyaksa/warehouse/usecase/order_usecase.go:200.4,200.112 1 1
github.com/dyaksa/warehouse/usecase/order_usecase.go:200.112,202.5 1 0
github.com/dyaksa/warehouse/usecase/order_usecase.go:205.3,205.18 1 1
github.com/dyaksa/warehouse/usecase/order_usecase.go:208.2,208.17 1 1
github.com/dyaksa/warehouse/usecase/order_usecase.go:212.85,213.85 1 0
github.com/dyaksa/warehouse/usecase/order_usecase.go:213.85,216.17 2 0
github.com/dyaksa/warehouse/usecase/order_usecase.go:216.17,218.4 1 0
github.com/dyaksa/warehouse/usecase/order_usecase.go:221.3,221.51 1 0
github.com/dyaksa/warehouse/usecase/order_usecase.go:221.51,223.4 1 0
github.com/dyaksa/warehouse/usecase/order_usecase.go:226.3,227.17 2 0
github.com/dyaksa/warehouse/usecase/order_usecase.go:227.17,229.4 1 0
github.com/dyaksa/warehouse/usecase/order_usecase.go:231.3,231.29 1 0
github.com/dyaksa/warehouse/usecase/order_usecase.go:231.29,233.4 1 0
github.com/dyaksa/warehouse/usecase/order_usecase.go:236.3,237.44 2 0
github.com/dyaksa/warehouse/usecase/order_usecase.go:237.44,238.48 1 0
github.com/dyaksa/warehouse/usecase/order_usecase.go:238.48,240.5 1 0
github.com/dyaksa/warehouse/usecase/order_usecase.go:241.4,241.41 1 0
github.com/dyaksa/warehouse/usecase/order_usecase.go:241.41,243.5 1 0
github.com/dyaksa/warehouse/usecase/order_usecase.go:247.3,247.44 1 0
github.com/dyaksa/warehouse/usecase/order_usecase.go:247.44,249.138 1 0
github.com/dyaksa/warehouse/usecase/order_usecase.go:249.138,251.5 1 0
github.com/dyaksa/warehouse/usecase/order_usecase.go:254.4,255.70 1 0
github.com/dyaksa/warehouse/usecase/order_usecase.go:255.70,257.5 1 0
github.com/dyaksa/warehouse/usecase/order_usecase.go:261.3,261.75 1 0
github.com/dyaksa/warehouse/usecase/order_usecase.go:261.75,263.4 1 0
github.com/dyaksa/warehouse/usecase/order_usecase.go:266.3,266.83 1 0
github.com/dyaksa/warehouse/usecase/order_usecase.go:266.83,268.4 1 0
github.com/dyaksa/warehouse/usecase/order_usecase.go:270.3,270.18 1 0
github.com/dyaksa/warehouse/usecase/order_usecase.go:273.2,273.12 1 0
github.com/dyaksa/warehouse/usecase/order_usecase.go:277.82,278.85 1 0
github.com/dyaksa/warehouse/usecase/order_usecase.go:278.85,281.17 2 0
github.com/dyaksa/warehouse/usecase/order_usecase.go:281.17,283.4 1 0
github.com/dyaksa/warehouse/usecase/order_usecase.go:286.3,286.91 1 0
github.com/dyaksa/warehouse/usecase/order_usecase.go:286.91,288.4 1 0
github.com/dyaksa/warehouse/usecase/order_usecase.go:291.3,292.17 2 0
github.com/dyaksa/warehouse/usecase/order_usecase.go:292.17,294.4 1 0
github.com/dyaksa/warehouse/usecase/order_usecase.go:297.3,297.44 1 0
github.com/dyaksa/warehouse/usecase/order_usecase.go:297.44,298.48 1 0
github.com/dyaksa/warehouse/usecase/order_usecase.go:298.48,300.140 1 0
github.com/dyaksa/warehouse/usecase/order_usecase.go:300.140,302.6 1 0
github.com/dyaksa/warehouse/usecase/order_usecase.go:305.5,306.74 1 0
github.com/dyaksa/warehouse/usecase/order_usecase.go:306.74,308.6 1 0
github.com/dyaksa/warehouse/usecase/order_usecase.go:313.3,313.74 1 0
github.com/dyaksa/warehouse/usecase/order_usecase.go:313.74,315.4 1 0
github.com/dyaksa/warehouse/usecase/order_usecase.go:318.3,318.88 1 0
github.com/dyaksa/warehouse/usecase/order_usecase.go:318.88,320.4 1 0
github.com/dyaksa/warehouse/usecase/order_usecase.go:322.3,322.18 1 0
github.com/dyaksa/warehouse/usecase/order_usecase.go:325.2,325.12 1 0
github.com/dyaksa/warehouse/usecase/order_usecase.go:329.103,331.2 1 0
github.com/dyaksa/warehouse/usecase/order_usecase.go:334.176,339.16 4 1
github.com/dyaksa/warehouse/usecase/order_usecase.go:339.16,341.3 1 0
github.com/dyaksa/warehouse/usecase/order_usecase.go:343.2,343.75 1 1
github.com/dyaksa/warehouse/usecase/order_usecase.go:354.68,365.2 1 1
github.com/dyaksa/warehouse/usecase/product_usecase.go:18.161,19.153 1 1
github.com/dyaksa/warehouse/usecase/product_usecase.go:19.153,21.17 2 1
github.com/dyaksa/warehouse/usecase/product_usecase.go:21.17,23.4 1 0
github.com/dyaksa/warehouse/usecase/product_usecase.go:25.3,26.32 2 1
github.com/dyaksa/warehouse/usecase/product_usecase.go:30.98,32.16 2 1
github.com/dyaksa/warehouse/usecase/product_usecase.go:32.16,34.3 1 1
github.com/dyaksa/warehouse/usecase/product_usecase.go:36.2,42.16 3 1
github.com/dyaksa/warehouse/usecase/product_usecase.go:42.16,44.3 1 1
github.com/dyaksa/warehouse/usecase/product_usecase.go:46.2,52.79 2 1
github.com/dyaksa/warehouse/usecase/product_usecase.go:52.79,54.3 1 0
github.com/dyaksa/warehouse/usecase/product_usecase.go:56.2,56.12 1 1
github.com/dyaksa/warehouse/usecase/product_usecase.go:62.25,68.2 1 1
github.com/dyaksa/warehouse/usecase/shop_usecase.go:15.91,20.62 2 1
github.com/dyaksa/warehouse/usecase/shop_usecase.go:20.62,22.3 1 1
github.com/dyaksa/warehouse/usecase/shop_usecase.go:24.2,24.12 1 1
github.com/dyaksa/warehouse/usecase/shop_usecase.go:28.71,29.57 1 1
github.com/dyaksa/warehouse/usecase/shop_usecase.go:29.57,31.3 1 1
github.com/dyaksa/warehouse/usecase/shop_usecase.go:33.2,33.12 1 1
github.com/dyaksa/warehouse/usecase/shop_usecase.go:37.89,39.16 2 1
github.com/dyaksa/warehouse/usecase/shop_usecase.go:39.16,41.3 1 1
github.com/dyaksa/warehouse/usecase/shop_usecase.go:43.2,43.18 1 1
github.com/dyaksa/warehouse/usecase/shop_usecase.go:47.91,53.59 2 1
github.com/dyaksa/warehouse/usecase/shop_usecase.go:53.59,55.3 1 1
github.com/dyaksa/warehouse/usecase/shop_usecase.go:57.2,57.12 1 1
github.com/dyaksa/warehouse/usecase/shop_usecase.go:60.78,64.2 1 1
github.com/dyaksa/warehouse/usecase/stock_release_usecase.go:26.100,27.85 1 1
github.com/dyaksa/warehouse/usecase/stock_release_usecase.go:27.85,30.17 2 1
github.com/dyaksa/warehouse/usecase/stock_release_usecase.go:30.17,32.4 1 1
github.com/dyaksa/warehouse/usecase/stock_release_usecase.go:34.3,36.51 2 1
github.com/dyaksa/warehouse/usecase/stock_release_usecase.go:36.51,38.77 1 1
github.com/dyaksa/warehouse/usecase/stock_release_usecase.go:38.77,41.5 2 1
github.com/dyaksa/warehouse/usecase/stock_release_usecase.go:44.4,44.81 1 1
github.com/dyaksa/warehouse/usecase/stock_release_usecase.go:44.81,47.5 2 0
github.com/dyaksa/warehouse/usecase/stock_release_usecase.go:49.4,49.98 1 1
github.com/dyaksa/warehouse/usecase/stock_release_usecase.go:53.3,53.99 1 1
github.com/dyaksa/warehouse/usecase/stock_release_usecase.go:53.99,55.4 1 0
github.com/dyaksa/warehouse/usecase/stock_release_usecase.go:57.3,57.18 1 1
github.com/dyaksa/warehouse/usecase/stock_release_usecase.go:60.2,60.12 1 1
github.com/dyaksa/warehouse/usecase/stock_release_usecase.go:64.114,65.85 1 1
github.com/dyaksa/warehouse/usecase/stock_release_usecase.go:65.85,67.3 1 1
github.com/dyaksa/warehouse/usecase/stock_release_usecase.go:68.2,68.12 1 1
github.com/dyaksa/warehouse/usecase/stock_release_usecase.go:71.129,73.137 1 1
github.com/dyaksa/warehouse/usecase/stock_release_usecase.go:73.137,75.3 1 1
github.com/dyaksa/warehouse/usecase/stock_release_usecase.go:78.2,79.82 1 1
github.com/dyaksa/warehouse/usecase/stock_release_usecase.go:79.82,81.3 1 0
github.com/dyaksa/warehouse/usecase/stock_release_usecase.go:83.2,83.12 1 1
github.com/dyaksa/warehouse/usecase/stock_release_usecase.go:86.154,90.50 2 1
github.com/dyaksa/warehouse/usecase/stock_release_usecase.go:90.50,92.3 1 1
github.com/dyaksa/warehouse/usecase/stock_release_usecase.go:95.2,95.35 1 1
github.com/dyaksa/warehouse/usecase/stock_release_usecase.go:95.35,97.43 2 1
github.com/dyaksa/warehouse/usecase/stock_release_usecase.go:97.43,98.42 1 1
github.com/dyaksa/warehouse/usecase/stock_release_usecase.go:98.42,100.10 2 1
github.com/dyaksa/warehouse/usecase/stock_release_usecase.go:105.3,106.17 2 1
github.com/dyaksa/warehouse/usecase/stock_release_usecase.go:106.17,108.4 1 0
github.com/dyaksa/warehouse/usecase/stock_release_usecase.go:111.3,111.24 1 1
github.com/dyaksa/warehouse/usecase/stock_release_usecase.go:111.24,112.87 1 1
github.com/dyaksa/warehouse/usecase/stock_release_usecase.go:112.87,114.5 1 0
github.com/dyaksa/warehouse/usecase/stock_release_usecase.go:115.4,115.85 1 1
github.com/dyaksa/warehouse/usecase/stock_release_usecase.go:119.2,119.12 1 1
github.com/dyaksa/warehouse/usecase/stock_release_usecase.go:128.23,136.2 1 1
github.com/dyaksa/warehouse/usecase/warehouse_transfer_usecase.go:23.143,25.16 2 1
github.com/dyaksa/warehouse/usecase/warehouse_transfer_usecase.go:25.16,27.3 1 1
github.com/dyaksa/warehouse/usecase/warehouse_transfer_usecase.go:29.2,30.16 2 1
github.com/dyaksa/warehouse/usecase/warehouse_transfer_usecase.go:30.16,32.3 1 0
github.com/dyaksa/warehouse/usecase/warehouse_transfer_usecase.go:34.2,34.38 1 1
github.com/dyaksa/warehouse/usecase/warehouse_transfer_usecase.go:34.38,36.3 1 1
github.com/dyaksa/warehouse/usecase/warehouse_transfer_usecase.go:39.2,40.16 2 1
github.com/dyaksa/warehouse/usecase/warehouse_transfer_usecase.go:40.16,42.3 1 0
github.com/dyaksa/warehouse/usecase/warehouse_transfer_usecase.go:43.2,43.29 1 1
github.com/dyaksa/warehouse/usecase/warehouse_transfer_usecase.go:43.29,45.3 1 1
github.com/dyaksa/warehouse/usecase/warehouse_transfer_usecase.go:47.2,48.16 2 1
github.com/dyaksa/warehouse/usecase/warehouse_transfer_usecase.go:48.16,50.3 1 0
github.com/dyaksa/warehouse/usecase/warehouse_transfer_usecase.go:51.2,51.27 1 1
github.com/dyaksa/warehouse/usecase/warehouse_transfer_usecase.go:51.27,53.3 1 1
github.com/dyaksa/warehouse/usecase/warehouse_transfer_usecase.go:56.2,56.48 1 1
github.com/dyaksa/warehouse/usecase/warehouse_transfer_usecase.go:56.48,58.3 1 1
github.com/dyaksa/warehouse/usecase/warehouse_transfer_usecase.go:60.2,61.86 2 1
github.com/dyaksa/warehouse/usecase/warehouse_transfer_usecase.go:61.86,71.17 3 1
github.com/dyaksa/warehouse/usecase/warehouse_transfer_usecase.go:71.17,73.4 1 0
github.com/dyaksa/warehouse/usecase/warehouse_transfer_usecase.go:76.3,77.37 2 1
github.com/dyaksa/warehouse/usecase/warehouse_transfer_usecase.go:77.37,79.18 2 1
github.com/dyaksa/warehouse/usecase/warehouse_transfer_usecase.go:79.18,81.5 1 0
github.com/dyaksa/warehouse/usecase/warehouse_transfer_usecase.go:83.4,89.31 2 1
github.com/dyaksa/warehouse/usecase/warehouse_transfer_usecase.go:92.3,93.17 2 1
github.com/dyaksa/warehouse/usecase/warehouse_transfer_usecase.go:93.17,95.4 1 0
github.com/dyaksa/warehouse/usecase/warehouse_transfer_usecase.go:97.3,98.18 2 1
github.com/dyaksa/warehouse/usecase/warehouse_transfer_usecase.go:101.2,101.16 1 1
github.com/dyaksa/warehouse/usecase/warehouse_transfer_usecase.go:101.16,103.3 1 0
github.com/dyaksa/warehouse/usecase/warehouse_transfer_usecase.go:105.2,105.22 1 1
github.com/dyaksa/warehouse/usecase/warehouse_transfer_usecase.go:109.148,112.16 2 1
github.com/dyaksa/warehouse/usecase/warehouse_transfer_usecase.go:112.16,114.3 1 0
github.com/dyaksa/warehouse/usecase/warehouse_transfer_usecase.go:117.2,117.63 1 1
github.com/dyaksa/warehouse/usecase/warehouse_transfer_usecase.go:117.63,119.3 1 1
github.com/dyaksa/warehouse/usecase/warehouse_transfer_usecase.go:122.2,122.50 1 1
github.com/dyaksa/warehouse/usecase/warehouse_transfer_usecase.go:122.50,124.17 2 1
github.com/dyaksa/warehouse/usecase/warehouse_transfer_usecase.go:124.17,126.4 1 0
github.com/dyaksa/warehouse/usecase/warehouse_transfer_usecase.go:127.3,127.13 1 1
github.com/dyaksa/warehouse/usecase/warehouse_transfer_usecase.go:131.2,131.86 1 0
github.com/dyaksa/warehouse/usecase/warehouse_transfer_usecase.go:131.86,133.3 1 0
github.com/dyaksa/warehouse/usecase/warehouse_transfer_usecase.go:135.2,135.12 1 0
github.com/dyaksa/warehouse/usecase/warehouse_transfer_usecase.go:139.128,141.2 1 0
github.com/dyaksa/warehouse/usecase/warehouse_transfer_usecase.go:144.166,146.2 1 0
github.com/dyaksa/warehouse/usecase/warehouse_transfer_usecase.go:149.103,152.16 2 1
github.com/dyaksa/warehouse/usecase/warehouse_transfer_usecase.go:152.16,154.3 1 0
github.com/dyaksa/warehouse/usecase/warehouse_transfer_usecase.go:156.2,156.107 1 1
github.com/dyaksa/warehouse/usecase/warehouse_transfer_usecase.go:156.107,158.3 1 0
github.com/dyaksa/warehouse/usecase/warehouse_transfer_usecase.go:160.2,160.86 1 1
github.com/dyaksa/warehouse/usecase/warehouse_transfer_usecase.go:160.86,162.39 1 1
github.com/dyaksa/warehouse/usecase/warehouse_transfer_usecase.go:162.39,165.18 2 1
github.com/dyaksa/warehouse/usecase/warehouse_transfer_usecase.go:165.18,167.5 1 0
github.com/dyaksa/warehouse/usecase/warehouse_transfer_usecase.go:168.4,168.16 1 1
github.com/dyaksa/warehouse/usecase/warehouse_transfer_usecase.go:168.16,170.5 1 1
github.com/dyaksa/warehouse/usecase/warehouse_transfer_usecase.go:173.4,174.18 2 1
github.com/dyaksa/warehouse/usecase/warehouse_transfer_usecase.go:174.18,176.5 1 0
github.com/dyaksa/warehouse/usecase/warehouse_transfer_usecase.go:179.4,180.18 2 1
github.com/dyaksa/warehouse/usecase/warehouse_transfer_usecase.go:180.18,182.5 1 0
github.com/dyaksa/warehouse/usecase/warehouse_transfer_usecase.go:186.3,187.17 2 1
github.com/dyaksa/warehouse/usecase/warehouse_transfer_usecase.go:187.17,189.4 1 0
github.com/dyaksa/warehouse/usecase/warehouse_transfer_usecase.go:192.3,192.39 1 1
github.com/dyaksa/warehouse/usecase/warehouse_transfer_usecase.go:192.39,195.18 2 1
github.com/dyaksa/warehouse/usecase/warehouse_transfer_usecase.go:195.18,197.5 1 0
github.com/dyaksa/warehouse/usecase/warehouse_transfer_usecase.go:200.4,201.18 2 1
github.com/dyaksa/warehouse/usecase/warehouse_transfer_usecase.go:201.18,203.5 1 0
github.com/dyaksa/warehouse/usecase/warehouse_transfer_usecase.go:207.3,208.17 2 1
github.com/dyaksa/warehouse/usecase/warehouse_transfer_usecase.go:208.17,210.4 1 0
github.com/dyaksa/warehouse/usecase/warehouse_transfer_usecase.go:212.3,212.18 1 1
github.com/dyaksa/warehouse/usecase/warehouse_transfer_usecase.go:215.2,215.12 1 1
github.com/dyaksa/warehouse/usecase/warehouse_transfer_usecase.go:219.99,220.14 1 1
github.com/dyaksa/warehouse/usecase/warehouse_transfer_usecase.go:221.38,222.85 1 0
github.com/dyaksa/warehouse/usecase/warehouse_transfer_usecase.go:223.37,224.86 1 1
github.com/dyaksa/warehouse/usecase/warehouse_transfer_usecase.go:225.38,226.86 1 0
github.com/dyaksa/warehouse/usecase/warehouse_transfer_usecase.go:227.70,228.15 1 1
github.com/dyaksa/warehouse/usecase/warehouse_transfer_usecase.go:229.10,230.15 1 0
github.com/dyaksa/warehouse/usecase/warehouse_transfer_usecase.go:240.35,248.2 1 1
github.com/dyaksa/warehouse/usecase/warehouse_usecase.go:17.101,19.16 2 1
github.com/dyaksa/warehouse/usecase/warehouse_usecase.go:19.16,21.3 1 1
github.com/dyaksa/warehouse/usecase/warehouse_usecase.go:23.2,29.47 2 1
github.com/dyaksa/warehouse/usecase/warehouse_usecase.go:33.76,35.2 1 1
github.com/dyaksa/warehouse/usecase/warehouse_usecase.go:38.108,40.16 2 1
github.com/dyaksa/warehouse/usecase/warehouse_usecase.go:40.16,42.3 1 1
github.com/dyaksa/warehouse/usecase/warehouse_usecase.go:44.2,51.33 2 1
github.com/dyaksa/warehouse/usecase/warehouse_usecase.go:55.115,57.16 2 1
github.com/dyaksa/warehouse/usecase/warehouse_usecase.go:57.16,59.3 1 1
github.com/dyaksa/warehouse/usecase/warehouse_usecase.go:61.2,68.47 2 1
github.com/dyaksa/warehouse/usecase/warehouse_usecase.go:72.94,74.15 1 1
github.com/dyaksa/warehouse/usecase/warehouse_usecase.go:74.15,76.17 2 1
github.com/dyaksa/warehouse/usecase/warehouse_usecase.go:76.17,78.4 1 0
github.com/dyaksa/warehouse/usecase/warehouse_usecase.go:79.3,79.31 1 1
github.com/dyaksa/warehouse/usecase/warehouse_usecase.go:79.31,81.4 1 1
github.com/dyaksa/warehouse/usecase/warehouse_usecase.go:84.2,84.53 1 1
github.com/dyaksa/warehouse/usecase/warehouse_usecase.go:88.116,90.16 2 1
github.com/dyaksa/warehouse/usecase/warehouse_usecase.go:90.16,92.3 1 1
github.com/dyaksa/warehouse/usecase/warehouse_usecase.go:94.2,95.39 2 1
github.com/dyaksa/warehouse/usecase/warehouse_usecase.go:95.39,104.3 2 1
github.com/dyaksa/warehouse/usecase/warehouse_usecase.go:106.2,106.24 1 1
github.com/dyaksa/warehouse/usecase/warehouse_usecase.go:109.141,114.2 1 1
